"is_built_lib_mechaml" "true"
"built_lib_mechaml" "/mnt/Data/Prog/OCaml/mechaml/_build/src/mechaml.cmt"
"built_lib_mechaml" "/mnt/Data/Prog/OCaml/mechaml/_build/src/mechaml.cmi"
"built_lib_mechaml" "/mnt/Data/Prog/OCaml/mechaml/_build/src/mechaml.cma"
"built_lib_mechaml" "/mnt/Data/Prog/OCaml/mechaml/_build/src/mechaml.cmxa"
"built_lib_mechaml" "/mnt/Data/Prog/OCaml/mechaml/_build/src/mechaml.a"
"built_lib_mechaml" "/mnt/Data/Prog/OCaml/mechaml/_build/src/mechaml.cmt"
"built_lib_mechaml" "/mnt/Data/Prog/OCaml/mechaml/_build/src/mechaml.cmi"
"built_lib_mechaml" "/mnt/Data/Prog/OCaml/mechaml/_build/src/mechaml.cmxs"
"built_lib_mechaml" "/mnt/Data/Prog/OCaml/mechaml/_build/src/cookiejar.cmti"
"built_lib_mechaml" "/mnt/Data/Prog/OCaml/mechaml/_build/src/cookiejar.cmt"
"built_lib_mechaml" "/mnt/Data/Prog/OCaml/mechaml/_build/src/cookiejar.annot"
"built_lib_mechaml" "/mnt/Data/Prog/OCaml/mechaml/_build/src/page.cmti"
"built_lib_mechaml" "/mnt/Data/Prog/OCaml/mechaml/_build/src/page.cmt"
"built_lib_mechaml" "/mnt/Data/Prog/OCaml/mechaml/_build/src/page.annot"
"built_lib_mechaml" "/mnt/Data/Prog/OCaml/mechaml/_build/src/agent.cmti"
"built_lib_mechaml" "/mnt/Data/Prog/OCaml/mechaml/_build/src/agent.cmt"
"built_lib_mechaml" "/mnt/Data/Prog/OCaml/mechaml/_build/src/agent.annot"
"built_lib_mechaml" "/mnt/Data/Prog/OCaml/mechaml/_build/src/mechaml.cmx"
"is_built_lib_mechaml" "true"
"built_lib_mechaml" "/mnt/Data/Prog/OCaml/mechaml/_build/src/mechaml.cmt"
"built_lib_mechaml" "/mnt/Data/Prog/OCaml/mechaml/_build/src/mechaml.cmi"
"built_lib_mechaml" "/mnt/Data/Prog/OCaml/mechaml/_build/src/mechaml.cma"
"built_lib_mechaml" "/mnt/Data/Prog/OCaml/mechaml/_build/src/mechaml.cmxa"
"built_lib_mechaml" "/mnt/Data/Prog/OCaml/mechaml/_build/src/mechaml.a"
"built_lib_mechaml" "/mnt/Data/Prog/OCaml/mechaml/_build/src/mechaml.cmt"
"built_lib_mechaml" "/mnt/Data/Prog/OCaml/mechaml/_build/src/mechaml.cmi"
"built_lib_mechaml" "/mnt/Data/Prog/OCaml/mechaml/_build/src/mechaml.cmxs"
"built_lib_mechaml" "/mnt/Data/Prog/OCaml/mechaml/_build/src/cookiejar.cmti"
"built_lib_mechaml" "/mnt/Data/Prog/OCaml/mechaml/_build/src/cookiejar.cmt"
"built_lib_mechaml" "/mnt/Data/Prog/OCaml/mechaml/_build/src/cookiejar.annot"
"built_lib_mechaml" "/mnt/Data/Prog/OCaml/mechaml/_build/src/page.cmti"
"built_lib_mechaml" "/mnt/Data/Prog/OCaml/mechaml/_build/src/page.cmt"
"built_lib_mechaml" "/mnt/Data/Prog/OCaml/mechaml/_build/src/page.annot"
"built_lib_mechaml" "/mnt/Data/Prog/OCaml/mechaml/_build/src/agent.cmti"
"built_lib_mechaml" "/mnt/Data/Prog/OCaml/mechaml/_build/src/agent.cmt"
"built_lib_mechaml" "/mnt/Data/Prog/OCaml/mechaml/_build/src/agent.annot"
"built_lib_mechaml" "/mnt/Data/Prog/OCaml/mechaml/_build/src/mechaml.cmx"
"is_built_lib_mechaml" "true"
"built_lib_mechaml" "/mnt/Data/Prog/OCaml/mechaml/_build/src/mechaml.cmt"
"built_lib_mechaml" "/mnt/Data/Prog/OCaml/mechaml/_build/src/mechaml.cmi"
"built_lib_mechaml" "/mnt/Data/Prog/OCaml/mechaml/_build/src/mechaml.cma"
"built_lib_mechaml" "/mnt/Data/Prog/OCaml/mechaml/_build/src/mechaml.cmxa"
"built_lib_mechaml" "/mnt/Data/Prog/OCaml/mechaml/_build/src/mechaml.a"
"built_lib_mechaml" "/mnt/Data/Prog/OCaml/mechaml/_build/src/mechaml.cmt"
"built_lib_mechaml" "/mnt/Data/Prog/OCaml/mechaml/_build/src/mechaml.cmi"
"built_lib_mechaml" "/mnt/Data/Prog/OCaml/mechaml/_build/src/mechaml.cmxs"
"built_lib_mechaml" "/mnt/Data/Prog/OCaml/mechaml/_build/src/cookiejar.cmti"
"built_lib_mechaml" "/mnt/Data/Prog/OCaml/mechaml/_build/src/cookiejar.cmt"
"built_lib_mechaml" "/mnt/Data/Prog/OCaml/mechaml/_build/src/cookiejar.annot"
"built_lib_mechaml" "/mnt/Data/Prog/OCaml/mechaml/_build/src/page.cmti"
"built_lib_mechaml" "/mnt/Data/Prog/OCaml/mechaml/_build/src/page.cmt"
"built_lib_mechaml" "/mnt/Data/Prog/OCaml/mechaml/_build/src/page.annot"
"built_lib_mechaml" "/mnt/Data/Prog/OCaml/mechaml/_build/src/agent.cmti"
"built_lib_mechaml" "/mnt/Data/Prog/OCaml/mechaml/_build/src/agent.cmt"
"built_lib_mechaml" "/mnt/Data/Prog/OCaml/mechaml/_build/src/agent.annot"
"built_lib_mechaml" "/mnt/Data/Prog/OCaml/mechaml/_build/src/mechaml.cmx"
"is_built_exec_unit_tests" "true"
"built_exec_unit_tests" "/mnt/Data/Prog/OCaml/mechaml/_build/test/test.byte"
"is_built_lib_mechaml" "true"
"built_lib_mechaml" "/mnt/Data/Prog/OCaml/mechaml/_build/src/mechaml.cmt"
"built_lib_mechaml" "/mnt/Data/Prog/OCaml/mechaml/_build/src/mechaml.cmi"
"built_lib_mechaml" "/mnt/Data/Prog/OCaml/mechaml/_build/src/mechaml.cma"
"built_lib_mechaml" "/mnt/Data/Prog/OCaml/mechaml/_build/src/mechaml.cmxa"
"built_lib_mechaml" "/mnt/Data/Prog/OCaml/mechaml/_build/src/mechaml.a"
"built_lib_mechaml" "/mnt/Data/Prog/OCaml/mechaml/_build/src/mechaml.cmt"
"built_lib_mechaml" "/mnt/Data/Prog/OCaml/mechaml/_build/src/mechaml.cmi"
"built_lib_mechaml" "/mnt/Data/Prog/OCaml/mechaml/_build/src/mechaml.cmxs"
"built_lib_mechaml" "/mnt/Data/Prog/OCaml/mechaml/_build/src/cookiejar.cmti"
"built_lib_mechaml" "/mnt/Data/Prog/OCaml/mechaml/_build/src/cookiejar.cmt"
"built_lib_mechaml" "/mnt/Data/Prog/OCaml/mechaml/_build/src/cookiejar.annot"
"built_lib_mechaml" "/mnt/Data/Prog/OCaml/mechaml/_build/src/page.cmti"
"built_lib_mechaml" "/mnt/Data/Prog/OCaml/mechaml/_build/src/page.cmt"
"built_lib_mechaml" "/mnt/Data/Prog/OCaml/mechaml/_build/src/page.annot"
"built_lib_mechaml" "/mnt/Data/Prog/OCaml/mechaml/_build/src/agent.cmti"
"built_lib_mechaml" "/mnt/Data/Prog/OCaml/mechaml/_build/src/agent.cmt"
"built_lib_mechaml" "/mnt/Data/Prog/OCaml/mechaml/_build/src/agent.annot"
"built_lib_mechaml" "/mnt/Data/Prog/OCaml/mechaml/_build/src/mechaml.cmx"
"is_built_exec_unit_tests" "true"
"built_exec_unit_tests" "/mnt/Data/Prog/OCaml/mechaml/_build/test/test.byte"
"is_built_lib_mechaml" "true"
"built_lib_mechaml" "/mnt/Data/Prog/OCaml/mechaml/_build/src/mechaml.cmt"
"built_lib_mechaml" "/mnt/Data/Prog/OCaml/mechaml/_build/src/mechaml.cmi"
"built_lib_mechaml" "/mnt/Data/Prog/OCaml/mechaml/_build/src/mechaml.cma"
"built_lib_mechaml" "/mnt/Data/Prog/OCaml/mechaml/_build/src/mechaml.cmxa"
"built_lib_mechaml" "/mnt/Data/Prog/OCaml/mechaml/_build/src/mechaml.a"
"built_lib_mechaml" "/mnt/Data/Prog/OCaml/mechaml/_build/src/mechaml.cmt"
"built_lib_mechaml" "/mnt/Data/Prog/OCaml/mechaml/_build/src/mechaml.cmi"
"built_lib_mechaml" "/mnt/Data/Prog/OCaml/mechaml/_build/src/mechaml.cmxs"
"built_lib_mechaml" "/mnt/Data/Prog/OCaml/mechaml/_build/src/cookiejar.cmti"
"built_lib_mechaml" "/mnt/Data/Prog/OCaml/mechaml/_build/src/cookiejar.cmt"
"built_lib_mechaml" "/mnt/Data/Prog/OCaml/mechaml/_build/src/cookiejar.annot"
"built_lib_mechaml" "/mnt/Data/Prog/OCaml/mechaml/_build/src/page.cmti"
"built_lib_mechaml" "/mnt/Data/Prog/OCaml/mechaml/_build/src/page.cmt"
"built_lib_mechaml" "/mnt/Data/Prog/OCaml/mechaml/_build/src/page.annot"
"built_lib_mechaml" "/mnt/Data/Prog/OCaml/mechaml/_build/src/agent.cmti"
"built_lib_mechaml" "/mnt/Data/Prog/OCaml/mechaml/_build/src/agent.cmt"
"built_lib_mechaml" "/mnt/Data/Prog/OCaml/mechaml/_build/src/agent.annot"
"built_lib_mechaml" "/mnt/Data/Prog/OCaml/mechaml/_build/src/mechaml.cmx"
"is_built_exec_unit_tests" "true"
"built_exec_unit_tests" "/mnt/Data/Prog/OCaml/mechaml/_build/test/test.byte"
"is_built_lib_mechaml" "true"
"built_lib_mechaml" "/mnt/Data/Prog/OCaml/mechaml/_build/src/mechaml.cmt"
"built_lib_mechaml" "/mnt/Data/Prog/OCaml/mechaml/_build/src/mechaml.cmi"
"built_lib_mechaml" "/mnt/Data/Prog/OCaml/mechaml/_build/src/mechaml.cma"
"built_lib_mechaml" "/mnt/Data/Prog/OCaml/mechaml/_build/src/mechaml.cmxa"
"built_lib_mechaml" "/mnt/Data/Prog/OCaml/mechaml/_build/src/mechaml.a"
"built_lib_mechaml" "/mnt/Data/Prog/OCaml/mechaml/_build/src/mechaml.cmt"
"built_lib_mechaml" "/mnt/Data/Prog/OCaml/mechaml/_build/src/mechaml.cmi"
"built_lib_mechaml" "/mnt/Data/Prog/OCaml/mechaml/_build/src/mechaml.cmxs"
"built_lib_mechaml" "/mnt/Data/Prog/OCaml/mechaml/_build/src/cookiejar.cmti"
"built_lib_mechaml" "/mnt/Data/Prog/OCaml/mechaml/_build/src/cookiejar.cmt"
"built_lib_mechaml" "/mnt/Data/Prog/OCaml/mechaml/_build/src/cookiejar.annot"
"built_lib_mechaml" "/mnt/Data/Prog/OCaml/mechaml/_build/src/page.cmti"
"built_lib_mechaml" "/mnt/Data/Prog/OCaml/mechaml/_build/src/page.cmt"
"built_lib_mechaml" "/mnt/Data/Prog/OCaml/mechaml/_build/src/page.annot"
"built_lib_mechaml" "/mnt/Data/Prog/OCaml/mechaml/_build/src/agent.cmti"
"built_lib_mechaml" "/mnt/Data/Prog/OCaml/mechaml/_build/src/agent.cmt"
"built_lib_mechaml" "/mnt/Data/Prog/OCaml/mechaml/_build/src/agent.annot"
"built_lib_mechaml" "/mnt/Data/Prog/OCaml/mechaml/_build/src/mechaml.cmx"
"is_built_exec_unit_tests" "true"
"built_exec_unit_tests" "/mnt/Data/Prog/OCaml/mechaml/_build/test/test.byte"
"is_built_lib_mechaml" "true"
"built_lib_mechaml" "/mnt/Data/Prog/OCaml/mechaml/_build/src/mechaml.cmt"
"built_lib_mechaml" "/mnt/Data/Prog/OCaml/mechaml/_build/src/mechaml.cmi"
"built_lib_mechaml" "/mnt/Data/Prog/OCaml/mechaml/_build/src/mechaml.cma"
"built_lib_mechaml" "/mnt/Data/Prog/OCaml/mechaml/_build/src/mechaml.cmxa"
"built_lib_mechaml" "/mnt/Data/Prog/OCaml/mechaml/_build/src/mechaml.a"
"built_lib_mechaml" "/mnt/Data/Prog/OCaml/mechaml/_build/src/mechaml.cmt"
"built_lib_mechaml" "/mnt/Data/Prog/OCaml/mechaml/_build/src/mechaml.cmi"
"built_lib_mechaml" "/mnt/Data/Prog/OCaml/mechaml/_build/src/mechaml.cmxs"
"built_lib_mechaml" "/mnt/Data/Prog/OCaml/mechaml/_build/src/cookiejar.cmti"
"built_lib_mechaml" "/mnt/Data/Prog/OCaml/mechaml/_build/src/cookiejar.cmt"
"built_lib_mechaml" "/mnt/Data/Prog/OCaml/mechaml/_build/src/cookiejar.annot"
"built_lib_mechaml" "/mnt/Data/Prog/OCaml/mechaml/_build/src/page.cmti"
"built_lib_mechaml" "/mnt/Data/Prog/OCaml/mechaml/_build/src/page.cmt"
"built_lib_mechaml" "/mnt/Data/Prog/OCaml/mechaml/_build/src/page.annot"
"built_lib_mechaml" "/mnt/Data/Prog/OCaml/mechaml/_build/src/agent.cmti"
"built_lib_mechaml" "/mnt/Data/Prog/OCaml/mechaml/_build/src/agent.cmt"
"built_lib_mechaml" "/mnt/Data/Prog/OCaml/mechaml/_build/src/agent.annot"
"built_lib_mechaml" "/mnt/Data/Prog/OCaml/mechaml/_build/src/mechaml.cmx"
"is_built_exec_unit_tests" "true"
"built_exec_unit_tests" "/mnt/Data/Prog/OCaml/mechaml/_build/test/test.byte"
"is_built_lib_mechaml" "true"
"built_lib_mechaml" "/mnt/Data/Prog/OCaml/mechaml/_build/src/mechaml.cmt"
"built_lib_mechaml" "/mnt/Data/Prog/OCaml/mechaml/_build/src/mechaml.cmi"
"built_lib_mechaml" "/mnt/Data/Prog/OCaml/mechaml/_build/src/mechaml.cma"
"built_lib_mechaml" "/mnt/Data/Prog/OCaml/mechaml/_build/src/mechaml.cmxa"
"built_lib_mechaml" "/mnt/Data/Prog/OCaml/mechaml/_build/src/mechaml.a"
"built_lib_mechaml" "/mnt/Data/Prog/OCaml/mechaml/_build/src/mechaml.cmt"
"built_lib_mechaml" "/mnt/Data/Prog/OCaml/mechaml/_build/src/mechaml.cmi"
"built_lib_mechaml" "/mnt/Data/Prog/OCaml/mechaml/_build/src/mechaml.cmxs"
"built_lib_mechaml" "/mnt/Data/Prog/OCaml/mechaml/_build/src/cookiejar.cmti"
"built_lib_mechaml" "/mnt/Data/Prog/OCaml/mechaml/_build/src/cookiejar.cmt"
"built_lib_mechaml" "/mnt/Data/Prog/OCaml/mechaml/_build/src/cookiejar.annot"
"built_lib_mechaml" "/mnt/Data/Prog/OCaml/mechaml/_build/src/page.cmti"
"built_lib_mechaml" "/mnt/Data/Prog/OCaml/mechaml/_build/src/page.cmt"
"built_lib_mechaml" "/mnt/Data/Prog/OCaml/mechaml/_build/src/page.annot"
"built_lib_mechaml" "/mnt/Data/Prog/OCaml/mechaml/_build/src/agent.cmti"
"built_lib_mechaml" "/mnt/Data/Prog/OCaml/mechaml/_build/src/agent.cmt"
"built_lib_mechaml" "/mnt/Data/Prog/OCaml/mechaml/_build/src/agent.annot"
"built_lib_mechaml" "/mnt/Data/Prog/OCaml/mechaml/_build/src/mechaml.cmx"
"is_built_exec_unit_tests" "true"
"built_exec_unit_tests" "/mnt/Data/Prog/OCaml/mechaml/_build/test/test.byte"
"is_built_lib_mechaml" "true"
"built_lib_mechaml" "/mnt/Data/Prog/OCaml/mechaml/_build/src/mechaml.cmt"
"built_lib_mechaml" "/mnt/Data/Prog/OCaml/mechaml/_build/src/mechaml.cmi"
"built_lib_mechaml" "/mnt/Data/Prog/OCaml/mechaml/_build/src/mechaml.cma"
"built_lib_mechaml" "/mnt/Data/Prog/OCaml/mechaml/_build/src/mechaml.cmxa"
"built_lib_mechaml" "/mnt/Data/Prog/OCaml/mechaml/_build/src/mechaml.a"
"built_lib_mechaml" "/mnt/Data/Prog/OCaml/mechaml/_build/src/mechaml.cmt"
"built_lib_mechaml" "/mnt/Data/Prog/OCaml/mechaml/_build/src/mechaml.cmi"
"built_lib_mechaml" "/mnt/Data/Prog/OCaml/mechaml/_build/src/mechaml.cmxs"
"built_lib_mechaml" "/mnt/Data/Prog/OCaml/mechaml/_build/src/cookiejar.cmti"
"built_lib_mechaml" "/mnt/Data/Prog/OCaml/mechaml/_build/src/cookiejar.cmt"
"built_lib_mechaml" "/mnt/Data/Prog/OCaml/mechaml/_build/src/cookiejar.annot"
"built_lib_mechaml" "/mnt/Data/Prog/OCaml/mechaml/_build/src/page.cmti"
"built_lib_mechaml" "/mnt/Data/Prog/OCaml/mechaml/_build/src/page.cmt"
"built_lib_mechaml" "/mnt/Data/Prog/OCaml/mechaml/_build/src/page.annot"
"built_lib_mechaml" "/mnt/Data/Prog/OCaml/mechaml/_build/src/agent.cmti"
"built_lib_mechaml" "/mnt/Data/Prog/OCaml/mechaml/_build/src/agent.cmt"
"built_lib_mechaml" "/mnt/Data/Prog/OCaml/mechaml/_build/src/agent.annot"
"built_lib_mechaml" "/mnt/Data/Prog/OCaml/mechaml/_build/src/mechaml.cmx"
"is_built_exec_unit_tests" "true"
"built_exec_unit_tests" "/mnt/Data/Prog/OCaml/mechaml/_build/test/test.byte"
"is_built_lib_mechaml" "true"
"built_lib_mechaml" "/mnt/Data/Prog/OCaml/mechaml/_build/src/mechaml.cmt"
"built_lib_mechaml" "/mnt/Data/Prog/OCaml/mechaml/_build/src/mechaml.cmi"
"built_lib_mechaml" "/mnt/Data/Prog/OCaml/mechaml/_build/src/mechaml.cma"
"built_lib_mechaml" "/mnt/Data/Prog/OCaml/mechaml/_build/src/mechaml.cmxa"
"built_lib_mechaml" "/mnt/Data/Prog/OCaml/mechaml/_build/src/mechaml.a"
"built_lib_mechaml" "/mnt/Data/Prog/OCaml/mechaml/_build/src/mechaml.cmt"
"built_lib_mechaml" "/mnt/Data/Prog/OCaml/mechaml/_build/src/mechaml.cmi"
"built_lib_mechaml" "/mnt/Data/Prog/OCaml/mechaml/_build/src/mechaml.cmxs"
"built_lib_mechaml" "/mnt/Data/Prog/OCaml/mechaml/_build/src/cookiejar.cmti"
"built_lib_mechaml" "/mnt/Data/Prog/OCaml/mechaml/_build/src/cookiejar.cmt"
"built_lib_mechaml" "/mnt/Data/Prog/OCaml/mechaml/_build/src/cookiejar.annot"
"built_lib_mechaml" "/mnt/Data/Prog/OCaml/mechaml/_build/src/page.cmti"
"built_lib_mechaml" "/mnt/Data/Prog/OCaml/mechaml/_build/src/page.cmt"
"built_lib_mechaml" "/mnt/Data/Prog/OCaml/mechaml/_build/src/page.annot"
"built_lib_mechaml" "/mnt/Data/Prog/OCaml/mechaml/_build/src/agent.cmti"
"built_lib_mechaml" "/mnt/Data/Prog/OCaml/mechaml/_build/src/agent.cmt"
"built_lib_mechaml" "/mnt/Data/Prog/OCaml/mechaml/_build/src/agent.annot"
"built_lib_mechaml" "/mnt/Data/Prog/OCaml/mechaml/_build/src/mechaml.cmx"
"is_built_exec_unit_tests" "true"
"built_exec_unit_tests" "/mnt/Data/Prog/OCaml/mechaml/_build/test/test.byte"
"is_built_lib_mechaml" "true"
"built_lib_mechaml" "/mnt/Data/Prog/OCaml/mechaml/_build/src/mechaml.cmt"
"built_lib_mechaml" "/mnt/Data/Prog/OCaml/mechaml/_build/src/mechaml.cmi"
"built_lib_mechaml" "/mnt/Data/Prog/OCaml/mechaml/_build/src/mechaml.cma"
"built_lib_mechaml" "/mnt/Data/Prog/OCaml/mechaml/_build/src/mechaml.cmxa"
"built_lib_mechaml" "/mnt/Data/Prog/OCaml/mechaml/_build/src/mechaml.a"
"built_lib_mechaml" "/mnt/Data/Prog/OCaml/mechaml/_build/src/mechaml.cmt"
"built_lib_mechaml" "/mnt/Data/Prog/OCaml/mechaml/_build/src/mechaml.cmi"
"built_lib_mechaml" "/mnt/Data/Prog/OCaml/mechaml/_build/src/mechaml.cmxs"
"built_lib_mechaml" "/mnt/Data/Prog/OCaml/mechaml/_build/src/cookiejar.cmti"
"built_lib_mechaml" "/mnt/Data/Prog/OCaml/mechaml/_build/src/cookiejar.cmt"
"built_lib_mechaml" "/mnt/Data/Prog/OCaml/mechaml/_build/src/cookiejar.annot"
"built_lib_mechaml" "/mnt/Data/Prog/OCaml/mechaml/_build/src/page.cmti"
"built_lib_mechaml" "/mnt/Data/Prog/OCaml/mechaml/_build/src/page.cmt"
"built_lib_mechaml" "/mnt/Data/Prog/OCaml/mechaml/_build/src/page.annot"
"built_lib_mechaml" "/mnt/Data/Prog/OCaml/mechaml/_build/src/agent.cmti"
"built_lib_mechaml" "/mnt/Data/Prog/OCaml/mechaml/_build/src/agent.cmt"
"built_lib_mechaml" "/mnt/Data/Prog/OCaml/mechaml/_build/src/agent.annot"
"built_lib_mechaml" "/mnt/Data/Prog/OCaml/mechaml/_build/src/mechaml.cmx"
"is_built_exec_unit_tests" "true"
"built_exec_unit_tests" "/mnt/Data/Prog/OCaml/mechaml/_build/test/test.byte"
"is_built_lib_mechaml" "true"
"built_lib_mechaml" "/mnt/Data/Prog/OCaml/mechaml/_build/src/mechaml.cmt"
"built_lib_mechaml" "/mnt/Data/Prog/OCaml/mechaml/_build/src/mechaml.cmi"
"built_lib_mechaml" "/mnt/Data/Prog/OCaml/mechaml/_build/src/mechaml.cma"
"built_lib_mechaml" "/mnt/Data/Prog/OCaml/mechaml/_build/src/mechaml.cmxa"
"built_lib_mechaml" "/mnt/Data/Prog/OCaml/mechaml/_build/src/mechaml.a"
"built_lib_mechaml" "/mnt/Data/Prog/OCaml/mechaml/_build/src/mechaml.cmt"
"built_lib_mechaml" "/mnt/Data/Prog/OCaml/mechaml/_build/src/mechaml.cmi"
"built_lib_mechaml" "/mnt/Data/Prog/OCaml/mechaml/_build/src/mechaml.cmxs"
"built_lib_mechaml" "/mnt/Data/Prog/OCaml/mechaml/_build/src/cookiejar.cmti"
"built_lib_mechaml" "/mnt/Data/Prog/OCaml/mechaml/_build/src/cookiejar.cmt"
"built_lib_mechaml" "/mnt/Data/Prog/OCaml/mechaml/_build/src/cookiejar.annot"
"built_lib_mechaml" "/mnt/Data/Prog/OCaml/mechaml/_build/src/page.cmti"
"built_lib_mechaml" "/mnt/Data/Prog/OCaml/mechaml/_build/src/page.cmt"
"built_lib_mechaml" "/mnt/Data/Prog/OCaml/mechaml/_build/src/page.annot"
"built_lib_mechaml" "/mnt/Data/Prog/OCaml/mechaml/_build/src/agent.cmti"
"built_lib_mechaml" "/mnt/Data/Prog/OCaml/mechaml/_build/src/agent.cmt"
"built_lib_mechaml" "/mnt/Data/Prog/OCaml/mechaml/_build/src/agent.annot"
"built_lib_mechaml" "/mnt/Data/Prog/OCaml/mechaml/_build/src/mechaml.cmx"
"is_built_exec_unit_tests" "true"
"built_exec_unit_tests" "/mnt/Data/Prog/OCaml/mechaml/_build/test/test.byte"
"is_built_lib_mechaml" "true"
"built_lib_mechaml" "/mnt/Data/Prog/OCaml/mechaml/_build/src/mechaml.cmt"
"built_lib_mechaml" "/mnt/Data/Prog/OCaml/mechaml/_build/src/mechaml.cmi"
"built_lib_mechaml" "/mnt/Data/Prog/OCaml/mechaml/_build/src/mechaml.cma"
"built_lib_mechaml" "/mnt/Data/Prog/OCaml/mechaml/_build/src/mechaml.cmxa"
"built_lib_mechaml" "/mnt/Data/Prog/OCaml/mechaml/_build/src/mechaml.a"
"built_lib_mechaml" "/mnt/Data/Prog/OCaml/mechaml/_build/src/mechaml.cmt"
"built_lib_mechaml" "/mnt/Data/Prog/OCaml/mechaml/_build/src/mechaml.cmi"
"built_lib_mechaml" "/mnt/Data/Prog/OCaml/mechaml/_build/src/mechaml.cmxs"
"built_lib_mechaml" "/mnt/Data/Prog/OCaml/mechaml/_build/src/cookiejar.cmti"
"built_lib_mechaml" "/mnt/Data/Prog/OCaml/mechaml/_build/src/cookiejar.cmt"
"built_lib_mechaml" "/mnt/Data/Prog/OCaml/mechaml/_build/src/cookiejar.annot"
"built_lib_mechaml" "/mnt/Data/Prog/OCaml/mechaml/_build/src/page.cmti"
"built_lib_mechaml" "/mnt/Data/Prog/OCaml/mechaml/_build/src/page.cmt"
"built_lib_mechaml" "/mnt/Data/Prog/OCaml/mechaml/_build/src/page.annot"
"built_lib_mechaml" "/mnt/Data/Prog/OCaml/mechaml/_build/src/agent.cmti"
"built_lib_mechaml" "/mnt/Data/Prog/OCaml/mechaml/_build/src/agent.cmt"
"built_lib_mechaml" "/mnt/Data/Prog/OCaml/mechaml/_build/src/agent.annot"
"built_lib_mechaml" "/mnt/Data/Prog/OCaml/mechaml/_build/src/mechaml.cmx"
"is_built_exec_unit_tests" "true"
"built_exec_unit_tests" "/mnt/Data/Prog/OCaml/mechaml/_build/test/test.byte"
"is_built_lib_mechaml" "true"
"built_lib_mechaml" "/mnt/Data/Prog/OCaml/mechaml/_build/src/mechaml.cmt"
"built_lib_mechaml" "/mnt/Data/Prog/OCaml/mechaml/_build/src/mechaml.cmi"
"built_lib_mechaml" "/mnt/Data/Prog/OCaml/mechaml/_build/src/mechaml.cma"
"built_lib_mechaml" "/mnt/Data/Prog/OCaml/mechaml/_build/src/mechaml.cmxa"
"built_lib_mechaml" "/mnt/Data/Prog/OCaml/mechaml/_build/src/mechaml.a"
"built_lib_mechaml" "/mnt/Data/Prog/OCaml/mechaml/_build/src/mechaml.cmt"
"built_lib_mechaml" "/mnt/Data/Prog/OCaml/mechaml/_build/src/mechaml.cmi"
"built_lib_mechaml" "/mnt/Data/Prog/OCaml/mechaml/_build/src/mechaml.cmxs"
"built_lib_mechaml" "/mnt/Data/Prog/OCaml/mechaml/_build/src/cookiejar.cmti"
"built_lib_mechaml" "/mnt/Data/Prog/OCaml/mechaml/_build/src/cookiejar.cmt"
"built_lib_mechaml" "/mnt/Data/Prog/OCaml/mechaml/_build/src/cookiejar.annot"
"built_lib_mechaml" "/mnt/Data/Prog/OCaml/mechaml/_build/src/page.cmti"
"built_lib_mechaml" "/mnt/Data/Prog/OCaml/mechaml/_build/src/page.cmt"
"built_lib_mechaml" "/mnt/Data/Prog/OCaml/mechaml/_build/src/page.annot"
"built_lib_mechaml" "/mnt/Data/Prog/OCaml/mechaml/_build/src/agent.cmti"
"built_lib_mechaml" "/mnt/Data/Prog/OCaml/mechaml/_build/src/agent.cmt"
"built_lib_mechaml" "/mnt/Data/Prog/OCaml/mechaml/_build/src/agent.annot"
"built_lib_mechaml" "/mnt/Data/Prog/OCaml/mechaml/_build/src/mechaml.cmx"
"is_built_exec_unit_tests" "true"
"built_exec_unit_tests" "/mnt/Data/Prog/OCaml/mechaml/_build/test/test.byte"
"is_built_lib_mechaml" "true"
"built_lib_mechaml" "/mnt/Data/Prog/OCaml/mechaml/_build/src/mechaml.cmt"
"built_lib_mechaml" "/mnt/Data/Prog/OCaml/mechaml/_build/src/mechaml.cmi"
"built_lib_mechaml" "/mnt/Data/Prog/OCaml/mechaml/_build/src/mechaml.cma"
"built_lib_mechaml" "/mnt/Data/Prog/OCaml/mechaml/_build/src/mechaml.cmxa"
"built_lib_mechaml" "/mnt/Data/Prog/OCaml/mechaml/_build/src/mechaml.a"
"built_lib_mechaml" "/mnt/Data/Prog/OCaml/mechaml/_build/src/mechaml.cmt"
"built_lib_mechaml" "/mnt/Data/Prog/OCaml/mechaml/_build/src/mechaml.cmi"
"built_lib_mechaml" "/mnt/Data/Prog/OCaml/mechaml/_build/src/mechaml.cmxs"
"built_lib_mechaml" "/mnt/Data/Prog/OCaml/mechaml/_build/src/cookiejar.cmti"
"built_lib_mechaml" "/mnt/Data/Prog/OCaml/mechaml/_build/src/cookiejar.cmt"
"built_lib_mechaml" "/mnt/Data/Prog/OCaml/mechaml/_build/src/cookiejar.annot"
"built_lib_mechaml" "/mnt/Data/Prog/OCaml/mechaml/_build/src/page.cmti"
"built_lib_mechaml" "/mnt/Data/Prog/OCaml/mechaml/_build/src/page.cmt"
"built_lib_mechaml" "/mnt/Data/Prog/OCaml/mechaml/_build/src/page.annot"
"built_lib_mechaml" "/mnt/Data/Prog/OCaml/mechaml/_build/src/agent.cmti"
"built_lib_mechaml" "/mnt/Data/Prog/OCaml/mechaml/_build/src/agent.cmt"
"built_lib_mechaml" "/mnt/Data/Prog/OCaml/mechaml/_build/src/agent.annot"
"built_lib_mechaml" "/mnt/Data/Prog/OCaml/mechaml/_build/src/mechaml.cmx"
"is_built_exec_unit_tests" "true"
"built_exec_unit_tests" "/mnt/Data/Prog/OCaml/mechaml/_build/test/test.byte"
"is_built_lib_mechaml" "true"
"built_lib_mechaml" "/mnt/Data/Prog/OCaml/mechaml/_build/src/mechaml.cmt"
"built_lib_mechaml" "/mnt/Data/Prog/OCaml/mechaml/_build/src/mechaml.cmi"
"built_lib_mechaml" "/mnt/Data/Prog/OCaml/mechaml/_build/src/mechaml.cma"
"built_lib_mechaml" "/mnt/Data/Prog/OCaml/mechaml/_build/src/mechaml.cmxa"
"built_lib_mechaml" "/mnt/Data/Prog/OCaml/mechaml/_build/src/mechaml.a"
"built_lib_mechaml" "/mnt/Data/Prog/OCaml/mechaml/_build/src/mechaml.cmt"
"built_lib_mechaml" "/mnt/Data/Prog/OCaml/mechaml/_build/src/mechaml.cmi"
"built_lib_mechaml" "/mnt/Data/Prog/OCaml/mechaml/_build/src/mechaml.cmxs"
"built_lib_mechaml" "/mnt/Data/Prog/OCaml/mechaml/_build/src/cookiejar.cmti"
"built_lib_mechaml" "/mnt/Data/Prog/OCaml/mechaml/_build/src/cookiejar.cmt"
"built_lib_mechaml" "/mnt/Data/Prog/OCaml/mechaml/_build/src/cookiejar.annot"
"built_lib_mechaml" "/mnt/Data/Prog/OCaml/mechaml/_build/src/page.cmti"
"built_lib_mechaml" "/mnt/Data/Prog/OCaml/mechaml/_build/src/page.cmt"
"built_lib_mechaml" "/mnt/Data/Prog/OCaml/mechaml/_build/src/page.annot"
"built_lib_mechaml" "/mnt/Data/Prog/OCaml/mechaml/_build/src/agent.cmti"
"built_lib_mechaml" "/mnt/Data/Prog/OCaml/mechaml/_build/src/agent.cmt"
"built_lib_mechaml" "/mnt/Data/Prog/OCaml/mechaml/_build/src/agent.annot"
"built_lib_mechaml" "/mnt/Data/Prog/OCaml/mechaml/_build/src/mechaml.cmx"
"is_built_exec_unit_tests" "true"
"built_exec_unit_tests" "/mnt/Data/Prog/OCaml/mechaml/_build/test/test.byte"
"is_built_lib_mechaml" "true"
"built_lib_mechaml" "/mnt/Data/Prog/OCaml/mechaml/_build/src/mechaml.cmt"
"built_lib_mechaml" "/mnt/Data/Prog/OCaml/mechaml/_build/src/mechaml.cmi"
"built_lib_mechaml" "/mnt/Data/Prog/OCaml/mechaml/_build/src/mechaml.cma"
"built_lib_mechaml" "/mnt/Data/Prog/OCaml/mechaml/_build/src/mechaml.cmxa"
"built_lib_mechaml" "/mnt/Data/Prog/OCaml/mechaml/_build/src/mechaml.a"
"built_lib_mechaml" "/mnt/Data/Prog/OCaml/mechaml/_build/src/mechaml.cmt"
"built_lib_mechaml" "/mnt/Data/Prog/OCaml/mechaml/_build/src/mechaml.cmi"
"built_lib_mechaml" "/mnt/Data/Prog/OCaml/mechaml/_build/src/mechaml.cmxs"
"built_lib_mechaml" "/mnt/Data/Prog/OCaml/mechaml/_build/src/cookiejar.cmti"
"built_lib_mechaml" "/mnt/Data/Prog/OCaml/mechaml/_build/src/cookiejar.cmt"
"built_lib_mechaml" "/mnt/Data/Prog/OCaml/mechaml/_build/src/cookiejar.annot"
"built_lib_mechaml" "/mnt/Data/Prog/OCaml/mechaml/_build/src/page.cmti"
"built_lib_mechaml" "/mnt/Data/Prog/OCaml/mechaml/_build/src/page.cmt"
"built_lib_mechaml" "/mnt/Data/Prog/OCaml/mechaml/_build/src/page.annot"
"built_lib_mechaml" "/mnt/Data/Prog/OCaml/mechaml/_build/src/agent.cmti"
"built_lib_mechaml" "/mnt/Data/Prog/OCaml/mechaml/_build/src/agent.cmt"
"built_lib_mechaml" "/mnt/Data/Prog/OCaml/mechaml/_build/src/agent.annot"
"built_lib_mechaml" "/mnt/Data/Prog/OCaml/mechaml/_build/src/mechaml.cmx"
"is_built_exec_unit_tests" "true"
"built_exec_unit_tests" "/mnt/Data/Prog/OCaml/mechaml/_build/test/test.byte"
"is_built_lib_mechaml" "true"
"built_lib_mechaml" "/mnt/Data/Prog/OCaml/mechaml/_build/src/mechaml.cmt"
"built_lib_mechaml" "/mnt/Data/Prog/OCaml/mechaml/_build/src/mechaml.cmi"
"built_lib_mechaml" "/mnt/Data/Prog/OCaml/mechaml/_build/src/mechaml.cma"
"built_lib_mechaml" "/mnt/Data/Prog/OCaml/mechaml/_build/src/mechaml.cmxa"
"built_lib_mechaml" "/mnt/Data/Prog/OCaml/mechaml/_build/src/mechaml.a"
"built_lib_mechaml" "/mnt/Data/Prog/OCaml/mechaml/_build/src/mechaml.cmt"
"built_lib_mechaml" "/mnt/Data/Prog/OCaml/mechaml/_build/src/mechaml.cmi"
"built_lib_mechaml" "/mnt/Data/Prog/OCaml/mechaml/_build/src/mechaml.cmxs"
"built_lib_mechaml" "/mnt/Data/Prog/OCaml/mechaml/_build/src/cookiejar.cmti"
"built_lib_mechaml" "/mnt/Data/Prog/OCaml/mechaml/_build/src/cookiejar.cmt"
"built_lib_mechaml" "/mnt/Data/Prog/OCaml/mechaml/_build/src/cookiejar.annot"
"built_lib_mechaml" "/mnt/Data/Prog/OCaml/mechaml/_build/src/page.cmti"
"built_lib_mechaml" "/mnt/Data/Prog/OCaml/mechaml/_build/src/page.cmt"
"built_lib_mechaml" "/mnt/Data/Prog/OCaml/mechaml/_build/src/page.annot"
"built_lib_mechaml" "/mnt/Data/Prog/OCaml/mechaml/_build/src/agent.cmti"
"built_lib_mechaml" "/mnt/Data/Prog/OCaml/mechaml/_build/src/agent.cmt"
"built_lib_mechaml" "/mnt/Data/Prog/OCaml/mechaml/_build/src/agent.annot"
"built_lib_mechaml" "/mnt/Data/Prog/OCaml/mechaml/_build/src/mechaml.cmx"
"is_built_exec_unit_tests" "true"
"built_exec_unit_tests" "/mnt/Data/Prog/OCaml/mechaml/_build/test/test.byte"
"is_built_lib_mechaml" "true"
"built_lib_mechaml" "/mnt/Data/Prog/OCaml/mechaml/_build/src/mechaml.cmt"
"built_lib_mechaml" "/mnt/Data/Prog/OCaml/mechaml/_build/src/mechaml.cmi"
"built_lib_mechaml" "/mnt/Data/Prog/OCaml/mechaml/_build/src/mechaml.cma"
"built_lib_mechaml" "/mnt/Data/Prog/OCaml/mechaml/_build/src/mechaml.cmxa"
"built_lib_mechaml" "/mnt/Data/Prog/OCaml/mechaml/_build/src/mechaml.a"
"built_lib_mechaml" "/mnt/Data/Prog/OCaml/mechaml/_build/src/mechaml.cmt"
"built_lib_mechaml" "/mnt/Data/Prog/OCaml/mechaml/_build/src/mechaml.cmi"
"built_lib_mechaml" "/mnt/Data/Prog/OCaml/mechaml/_build/src/mechaml.cmxs"
"built_lib_mechaml" "/mnt/Data/Prog/OCaml/mechaml/_build/src/cookiejar.cmti"
"built_lib_mechaml" "/mnt/Data/Prog/OCaml/mechaml/_build/src/cookiejar.cmt"
"built_lib_mechaml" "/mnt/Data/Prog/OCaml/mechaml/_build/src/cookiejar.annot"
"built_lib_mechaml" "/mnt/Data/Prog/OCaml/mechaml/_build/src/page.cmti"
"built_lib_mechaml" "/mnt/Data/Prog/OCaml/mechaml/_build/src/page.cmt"
"built_lib_mechaml" "/mnt/Data/Prog/OCaml/mechaml/_build/src/page.annot"
"built_lib_mechaml" "/mnt/Data/Prog/OCaml/mechaml/_build/src/agent.cmti"
"built_lib_mechaml" "/mnt/Data/Prog/OCaml/mechaml/_build/src/agent.cmt"
"built_lib_mechaml" "/mnt/Data/Prog/OCaml/mechaml/_build/src/agent.annot"
"built_lib_mechaml" "/mnt/Data/Prog/OCaml/mechaml/_build/src/mechaml.cmx"
"is_built_exec_unit_tests" "true"
"built_exec_unit_tests" "/mnt/Data/Prog/OCaml/mechaml/_build/test/test.byte"
"is_built_lib_mechaml" "true"
"built_lib_mechaml" "/mnt/Data/Prog/OCaml/mechaml/_build/src/mechaml.cmt"
"built_lib_mechaml" "/mnt/Data/Prog/OCaml/mechaml/_build/src/mechaml.cmi"
"built_lib_mechaml" "/mnt/Data/Prog/OCaml/mechaml/_build/src/mechaml.cma"
"built_lib_mechaml" "/mnt/Data/Prog/OCaml/mechaml/_build/src/mechaml.cmxa"
"built_lib_mechaml" "/mnt/Data/Prog/OCaml/mechaml/_build/src/mechaml.a"
"built_lib_mechaml" "/mnt/Data/Prog/OCaml/mechaml/_build/src/mechaml.cmt"
"built_lib_mechaml" "/mnt/Data/Prog/OCaml/mechaml/_build/src/mechaml.cmi"
"built_lib_mechaml" "/mnt/Data/Prog/OCaml/mechaml/_build/src/mechaml.cmxs"
"built_lib_mechaml" "/mnt/Data/Prog/OCaml/mechaml/_build/src/cookiejar.cmti"
"built_lib_mechaml" "/mnt/Data/Prog/OCaml/mechaml/_build/src/cookiejar.cmt"
"built_lib_mechaml" "/mnt/Data/Prog/OCaml/mechaml/_build/src/cookiejar.annot"
"built_lib_mechaml" "/mnt/Data/Prog/OCaml/mechaml/_build/src/page.cmti"
"built_lib_mechaml" "/mnt/Data/Prog/OCaml/mechaml/_build/src/page.cmt"
"built_lib_mechaml" "/mnt/Data/Prog/OCaml/mechaml/_build/src/page.annot"
"built_lib_mechaml" "/mnt/Data/Prog/OCaml/mechaml/_build/src/agent.cmti"
"built_lib_mechaml" "/mnt/Data/Prog/OCaml/mechaml/_build/src/agent.cmt"
"built_lib_mechaml" "/mnt/Data/Prog/OCaml/mechaml/_build/src/agent.annot"
"built_lib_mechaml" "/mnt/Data/Prog/OCaml/mechaml/_build/src/mechaml.cmx"
"is_built_exec_unit_tests" "true"
"built_exec_unit_tests" "/mnt/Data/Prog/OCaml/mechaml/_build/test/test.byte"
"is_built_lib_mechaml" "true"
"built_lib_mechaml" "/mnt/Data/Prog/OCaml/mechaml/_build/src/mechaml.cmt"
"built_lib_mechaml" "/mnt/Data/Prog/OCaml/mechaml/_build/src/mechaml.cmi"
"built_lib_mechaml" "/mnt/Data/Prog/OCaml/mechaml/_build/src/mechaml.cma"
"built_lib_mechaml" "/mnt/Data/Prog/OCaml/mechaml/_build/src/mechaml.cmxa"
"built_lib_mechaml" "/mnt/Data/Prog/OCaml/mechaml/_build/src/mechaml.a"
"built_lib_mechaml" "/mnt/Data/Prog/OCaml/mechaml/_build/src/mechaml.cmt"
"built_lib_mechaml" "/mnt/Data/Prog/OCaml/mechaml/_build/src/mechaml.cmi"
"built_lib_mechaml" "/mnt/Data/Prog/OCaml/mechaml/_build/src/mechaml.cmxs"
"built_lib_mechaml" "/mnt/Data/Prog/OCaml/mechaml/_build/src/cookiejar.cmti"
"built_lib_mechaml" "/mnt/Data/Prog/OCaml/mechaml/_build/src/cookiejar.cmt"
"built_lib_mechaml" "/mnt/Data/Prog/OCaml/mechaml/_build/src/cookiejar.annot"
"built_lib_mechaml" "/mnt/Data/Prog/OCaml/mechaml/_build/src/page.cmti"
"built_lib_mechaml" "/mnt/Data/Prog/OCaml/mechaml/_build/src/page.cmt"
"built_lib_mechaml" "/mnt/Data/Prog/OCaml/mechaml/_build/src/page.annot"
"built_lib_mechaml" "/mnt/Data/Prog/OCaml/mechaml/_build/src/agent.cmti"
"built_lib_mechaml" "/mnt/Data/Prog/OCaml/mechaml/_build/src/agent.cmt"
"built_lib_mechaml" "/mnt/Data/Prog/OCaml/mechaml/_build/src/agent.annot"
"built_lib_mechaml" "/mnt/Data/Prog/OCaml/mechaml/_build/src/mechaml.cmx"
"is_built_exec_unit_tests" "true"
"built_exec_unit_tests" "/mnt/Data/Prog/OCaml/mechaml/_build/test/test.byte"
"is_built_lib_mechaml" "true"
"built_lib_mechaml" "/mnt/Data/Prog/OCaml/mechaml/_build/src/mechaml.cmt"
"built_lib_mechaml" "/mnt/Data/Prog/OCaml/mechaml/_build/src/mechaml.cmi"
"built_lib_mechaml" "/mnt/Data/Prog/OCaml/mechaml/_build/src/mechaml.cma"
"built_lib_mechaml" "/mnt/Data/Prog/OCaml/mechaml/_build/src/mechaml.cmxa"
"built_lib_mechaml" "/mnt/Data/Prog/OCaml/mechaml/_build/src/mechaml.a"
"built_lib_mechaml" "/mnt/Data/Prog/OCaml/mechaml/_build/src/mechaml.cmt"
"built_lib_mechaml" "/mnt/Data/Prog/OCaml/mechaml/_build/src/mechaml.cmi"
"built_lib_mechaml" "/mnt/Data/Prog/OCaml/mechaml/_build/src/mechaml.cmxs"
"built_lib_mechaml" "/mnt/Data/Prog/OCaml/mechaml/_build/src/cookiejar.cmti"
"built_lib_mechaml" "/mnt/Data/Prog/OCaml/mechaml/_build/src/cookiejar.cmt"
"built_lib_mechaml" "/mnt/Data/Prog/OCaml/mechaml/_build/src/cookiejar.annot"
"built_lib_mechaml" "/mnt/Data/Prog/OCaml/mechaml/_build/src/page.cmti"
"built_lib_mechaml" "/mnt/Data/Prog/OCaml/mechaml/_build/src/page.cmt"
"built_lib_mechaml" "/mnt/Data/Prog/OCaml/mechaml/_build/src/page.annot"
"built_lib_mechaml" "/mnt/Data/Prog/OCaml/mechaml/_build/src/agent.cmti"
"built_lib_mechaml" "/mnt/Data/Prog/OCaml/mechaml/_build/src/agent.cmt"
"built_lib_mechaml" "/mnt/Data/Prog/OCaml/mechaml/_build/src/agent.annot"
"built_lib_mechaml" "/mnt/Data/Prog/OCaml/mechaml/_build/src/mechaml.cmx"
"is_built_exec_unit_tests" "true"
"built_exec_unit_tests" "/mnt/Data/Prog/OCaml/mechaml/_build/test/test.byte"
"is_built_lib_mechaml" "true"
"built_lib_mechaml" "/mnt/Data/Prog/OCaml/mechaml/_build/src/mechaml.cmt"
"built_lib_mechaml" "/mnt/Data/Prog/OCaml/mechaml/_build/src/mechaml.cmi"
"built_lib_mechaml" "/mnt/Data/Prog/OCaml/mechaml/_build/src/mechaml.cma"
"built_lib_mechaml" "/mnt/Data/Prog/OCaml/mechaml/_build/src/mechaml.cmxa"
"built_lib_mechaml" "/mnt/Data/Prog/OCaml/mechaml/_build/src/mechaml.a"
"built_lib_mechaml" "/mnt/Data/Prog/OCaml/mechaml/_build/src/mechaml.cmt"
"built_lib_mechaml" "/mnt/Data/Prog/OCaml/mechaml/_build/src/mechaml.cmi"
"built_lib_mechaml" "/mnt/Data/Prog/OCaml/mechaml/_build/src/mechaml.cmxs"
"built_lib_mechaml" "/mnt/Data/Prog/OCaml/mechaml/_build/src/cookiejar.cmti"
"built_lib_mechaml" "/mnt/Data/Prog/OCaml/mechaml/_build/src/cookiejar.cmt"
"built_lib_mechaml" "/mnt/Data/Prog/OCaml/mechaml/_build/src/cookiejar.annot"
"built_lib_mechaml" "/mnt/Data/Prog/OCaml/mechaml/_build/src/page.cmti"
"built_lib_mechaml" "/mnt/Data/Prog/OCaml/mechaml/_build/src/page.cmt"
"built_lib_mechaml" "/mnt/Data/Prog/OCaml/mechaml/_build/src/page.annot"
"built_lib_mechaml" "/mnt/Data/Prog/OCaml/mechaml/_build/src/agent.cmti"
"built_lib_mechaml" "/mnt/Data/Prog/OCaml/mechaml/_build/src/agent.cmt"
"built_lib_mechaml" "/mnt/Data/Prog/OCaml/mechaml/_build/src/agent.annot"
"built_lib_mechaml" "/mnt/Data/Prog/OCaml/mechaml/_build/src/mechaml.cmx"
"is_built_exec_unit_tests" "true"
"built_exec_unit_tests" "/mnt/Data/Prog/OCaml/mechaml/_build/test/test.byte"
"is_built_lib_mechaml" "true"
"built_lib_mechaml" "/mnt/Data/Prog/OCaml/mechaml/_build/src/mechaml.cmt"
"built_lib_mechaml" "/mnt/Data/Prog/OCaml/mechaml/_build/src/mechaml.cmi"
"built_lib_mechaml" "/mnt/Data/Prog/OCaml/mechaml/_build/src/mechaml.cma"
"built_lib_mechaml" "/mnt/Data/Prog/OCaml/mechaml/_build/src/mechaml.cmxa"
"built_lib_mechaml" "/mnt/Data/Prog/OCaml/mechaml/_build/src/mechaml.a"
"built_lib_mechaml" "/mnt/Data/Prog/OCaml/mechaml/_build/src/mechaml.cmt"
"built_lib_mechaml" "/mnt/Data/Prog/OCaml/mechaml/_build/src/mechaml.cmi"
"built_lib_mechaml" "/mnt/Data/Prog/OCaml/mechaml/_build/src/mechaml.cmxs"
"built_lib_mechaml" "/mnt/Data/Prog/OCaml/mechaml/_build/src/cookiejar.cmti"
"built_lib_mechaml" "/mnt/Data/Prog/OCaml/mechaml/_build/src/cookiejar.cmt"
"built_lib_mechaml" "/mnt/Data/Prog/OCaml/mechaml/_build/src/cookiejar.annot"
"built_lib_mechaml" "/mnt/Data/Prog/OCaml/mechaml/_build/src/page.cmti"
"built_lib_mechaml" "/mnt/Data/Prog/OCaml/mechaml/_build/src/page.cmt"
"built_lib_mechaml" "/mnt/Data/Prog/OCaml/mechaml/_build/src/page.annot"
"built_lib_mechaml" "/mnt/Data/Prog/OCaml/mechaml/_build/src/agent.cmti"
"built_lib_mechaml" "/mnt/Data/Prog/OCaml/mechaml/_build/src/agent.cmt"
"built_lib_mechaml" "/mnt/Data/Prog/OCaml/mechaml/_build/src/agent.annot"
"built_lib_mechaml" "/mnt/Data/Prog/OCaml/mechaml/_build/src/mechaml.cmx"
"is_built_exec_unit_tests" "true"
"built_exec_unit_tests" "/mnt/Data/Prog/OCaml/mechaml/_build/test/test.byte"
"is_built_lib_mechaml" "true"
"built_lib_mechaml" "/mnt/Data/Prog/OCaml/mechaml/_build/src/mechaml.cmt"
"built_lib_mechaml" "/mnt/Data/Prog/OCaml/mechaml/_build/src/mechaml.cmi"
"built_lib_mechaml" "/mnt/Data/Prog/OCaml/mechaml/_build/src/mechaml.cma"
"built_lib_mechaml" "/mnt/Data/Prog/OCaml/mechaml/_build/src/mechaml.cmxa"
"built_lib_mechaml" "/mnt/Data/Prog/OCaml/mechaml/_build/src/mechaml.a"
"built_lib_mechaml" "/mnt/Data/Prog/OCaml/mechaml/_build/src/mechaml.cmt"
"built_lib_mechaml" "/mnt/Data/Prog/OCaml/mechaml/_build/src/mechaml.cmi"
"built_lib_mechaml" "/mnt/Data/Prog/OCaml/mechaml/_build/src/mechaml.cmxs"
"built_lib_mechaml" "/mnt/Data/Prog/OCaml/mechaml/_build/src/cookiejar.cmti"
"built_lib_mechaml" "/mnt/Data/Prog/OCaml/mechaml/_build/src/cookiejar.cmt"
"built_lib_mechaml" "/mnt/Data/Prog/OCaml/mechaml/_build/src/cookiejar.annot"
"built_lib_mechaml" "/mnt/Data/Prog/OCaml/mechaml/_build/src/page.cmti"
"built_lib_mechaml" "/mnt/Data/Prog/OCaml/mechaml/_build/src/page.cmt"
"built_lib_mechaml" "/mnt/Data/Prog/OCaml/mechaml/_build/src/page.annot"
"built_lib_mechaml" "/mnt/Data/Prog/OCaml/mechaml/_build/src/agent.cmti"
"built_lib_mechaml" "/mnt/Data/Prog/OCaml/mechaml/_build/src/agent.cmt"
"built_lib_mechaml" "/mnt/Data/Prog/OCaml/mechaml/_build/src/agent.annot"
"built_lib_mechaml" "/mnt/Data/Prog/OCaml/mechaml/_build/src/mechaml.cmx"
"is_built_exec_unit_tests" "true"
"built_exec_unit_tests" "/mnt/Data/Prog/OCaml/mechaml/_build/test/test.byte"
"is_built_lib_mechaml" "true"
"built_lib_mechaml" "/home/yago/Prog/OCaml/mechaml/_build/src/mechaml.cmt"
"built_lib_mechaml" "/home/yago/Prog/OCaml/mechaml/_build/src/mechaml.cmi"
"built_lib_mechaml" "/home/yago/Prog/OCaml/mechaml/_build/src/mechaml.cma"
"built_lib_mechaml" "/home/yago/Prog/OCaml/mechaml/_build/src/mechaml.cmxa"
"built_lib_mechaml" "/home/yago/Prog/OCaml/mechaml/_build/src/mechaml.a"
"built_lib_mechaml" "/home/yago/Prog/OCaml/mechaml/_build/src/mechaml.cmt"
"built_lib_mechaml" "/home/yago/Prog/OCaml/mechaml/_build/src/mechaml.cmi"
"built_lib_mechaml" "/home/yago/Prog/OCaml/mechaml/_build/src/mechaml.cmxs"
"built_lib_mechaml" "/home/yago/Prog/OCaml/mechaml/_build/src/cookiejar.cmti"
"built_lib_mechaml" "/home/yago/Prog/OCaml/mechaml/_build/src/cookiejar.cmt"
"built_lib_mechaml" "/home/yago/Prog/OCaml/mechaml/_build/src/cookiejar.annot"
"built_lib_mechaml" "/home/yago/Prog/OCaml/mechaml/_build/src/page.cmti"
"built_lib_mechaml" "/home/yago/Prog/OCaml/mechaml/_build/src/page.cmt"
"built_lib_mechaml" "/home/yago/Prog/OCaml/mechaml/_build/src/page.annot"
"built_lib_mechaml" "/home/yago/Prog/OCaml/mechaml/_build/src/agent.cmti"
"built_lib_mechaml" "/home/yago/Prog/OCaml/mechaml/_build/src/agent.cmt"
"built_lib_mechaml" "/home/yago/Prog/OCaml/mechaml/_build/src/agent.annot"
"built_lib_mechaml" "/home/yago/Prog/OCaml/mechaml/_build/src/mechaml.cmx"
"is_built_lib_mechaml" "true"
"built_lib_mechaml" "/home/yago/Prog/OCaml/mechaml/_build/src/mechaml.cmt"
"built_lib_mechaml" "/home/yago/Prog/OCaml/mechaml/_build/src/mechaml.cmi"
"built_lib_mechaml" "/home/yago/Prog/OCaml/mechaml/_build/src/mechaml.cma"
"built_lib_mechaml" "/home/yago/Prog/OCaml/mechaml/_build/src/mechaml.cmxa"
"built_lib_mechaml" "/home/yago/Prog/OCaml/mechaml/_build/src/mechaml.a"
"built_lib_mechaml" "/home/yago/Prog/OCaml/mechaml/_build/src/mechaml.cmt"
"built_lib_mechaml" "/home/yago/Prog/OCaml/mechaml/_build/src/mechaml.cmi"
"built_lib_mechaml" "/home/yago/Prog/OCaml/mechaml/_build/src/mechaml.cmxs"
"built_lib_mechaml" "/home/yago/Prog/OCaml/mechaml/_build/src/cookiejar.cmti"
"built_lib_mechaml" "/home/yago/Prog/OCaml/mechaml/_build/src/cookiejar.cmt"
"built_lib_mechaml" "/home/yago/Prog/OCaml/mechaml/_build/src/cookiejar.annot"
"built_lib_mechaml" "/home/yago/Prog/OCaml/mechaml/_build/src/page.cmti"
"built_lib_mechaml" "/home/yago/Prog/OCaml/mechaml/_build/src/page.cmt"
"built_lib_mechaml" "/home/yago/Prog/OCaml/mechaml/_build/src/page.annot"
"built_lib_mechaml" "/home/yago/Prog/OCaml/mechaml/_build/src/agent.cmti"
"built_lib_mechaml" "/home/yago/Prog/OCaml/mechaml/_build/src/agent.cmt"
"built_lib_mechaml" "/home/yago/Prog/OCaml/mechaml/_build/src/agent.annot"
"built_lib_mechaml" "/home/yago/Prog/OCaml/mechaml/_build/src/mechaml.cmx"
"is_built_lib_mechaml" "true"
"built_lib_mechaml" "/home/yago/Prog/OCaml/mechaml/_build/src/mechaml.cmt"
"built_lib_mechaml" "/home/yago/Prog/OCaml/mechaml/_build/src/mechaml.cmi"
"built_lib_mechaml" "/home/yago/Prog/OCaml/mechaml/_build/src/mechaml.cma"
"built_lib_mechaml" "/home/yago/Prog/OCaml/mechaml/_build/src/mechaml.cmxa"
"built_lib_mechaml" "/home/yago/Prog/OCaml/mechaml/_build/src/mechaml.a"
"built_lib_mechaml" "/home/yago/Prog/OCaml/mechaml/_build/src/mechaml.cmt"
"built_lib_mechaml" "/home/yago/Prog/OCaml/mechaml/_build/src/mechaml.cmi"
"built_lib_mechaml" "/home/yago/Prog/OCaml/mechaml/_build/src/mechaml.cmxs"
"built_lib_mechaml" "/home/yago/Prog/OCaml/mechaml/_build/src/cookiejar.cmti"
"built_lib_mechaml" "/home/yago/Prog/OCaml/mechaml/_build/src/cookiejar.cmt"
"built_lib_mechaml" "/home/yago/Prog/OCaml/mechaml/_build/src/cookiejar.annot"
"built_lib_mechaml" "/home/yago/Prog/OCaml/mechaml/_build/src/page.cmti"
"built_lib_mechaml" "/home/yago/Prog/OCaml/mechaml/_build/src/page.cmt"
"built_lib_mechaml" "/home/yago/Prog/OCaml/mechaml/_build/src/page.annot"
"built_lib_mechaml" "/home/yago/Prog/OCaml/mechaml/_build/src/agent.cmti"
"built_lib_mechaml" "/home/yago/Prog/OCaml/mechaml/_build/src/agent.cmt"
"built_lib_mechaml" "/home/yago/Prog/OCaml/mechaml/_build/src/agent.annot"
"built_lib_mechaml" "/home/yago/Prog/OCaml/mechaml/_build/src/mechaml.cmx"
"is_built_exec_unit_tests" "true"
"built_exec_unit_tests" "/home/yago/Prog/OCaml/mechaml/_build/test/test.byte"
"is_built_lib_mechaml" "true"
"built_lib_mechaml" "/home/yago/Prog/OCaml/mechaml/_build/src/mechaml.cmt"
"built_lib_mechaml" "/home/yago/Prog/OCaml/mechaml/_build/src/mechaml.cmi"
"built_lib_mechaml" "/home/yago/Prog/OCaml/mechaml/_build/src/mechaml.cma"
"built_lib_mechaml" "/home/yago/Prog/OCaml/mechaml/_build/src/mechaml.cmxa"
"built_lib_mechaml" "/home/yago/Prog/OCaml/mechaml/_build/src/mechaml.a"
"built_lib_mechaml" "/home/yago/Prog/OCaml/mechaml/_build/src/mechaml.cmt"
"built_lib_mechaml" "/home/yago/Prog/OCaml/mechaml/_build/src/mechaml.cmi"
"built_lib_mechaml" "/home/yago/Prog/OCaml/mechaml/_build/src/mechaml.cmxs"
"built_lib_mechaml" "/home/yago/Prog/OCaml/mechaml/_build/src/cookiejar.cmti"
"built_lib_mechaml" "/home/yago/Prog/OCaml/mechaml/_build/src/cookiejar.cmt"
"built_lib_mechaml" "/home/yago/Prog/OCaml/mechaml/_build/src/cookiejar.annot"
"built_lib_mechaml" "/home/yago/Prog/OCaml/mechaml/_build/src/page.cmti"
"built_lib_mechaml" "/home/yago/Prog/OCaml/mechaml/_build/src/page.cmt"
"built_lib_mechaml" "/home/yago/Prog/OCaml/mechaml/_build/src/page.annot"
"built_lib_mechaml" "/home/yago/Prog/OCaml/mechaml/_build/src/agent.cmti"
"built_lib_mechaml" "/home/yago/Prog/OCaml/mechaml/_build/src/agent.cmt"
"built_lib_mechaml" "/home/yago/Prog/OCaml/mechaml/_build/src/agent.annot"
"built_lib_mechaml" "/home/yago/Prog/OCaml/mechaml/_build/src/mechaml.cmx"
"is_built_exec_unit_tests" "true"
"built_exec_unit_tests" "/home/yago/Prog/OCaml/mechaml/_build/test/test.byte"
"is_built_lib_mechaml" "true"
"built_lib_mechaml" "/home/yago/Prog/OCaml/mechaml/_build/src/mechaml.cmt"
"built_lib_mechaml" "/home/yago/Prog/OCaml/mechaml/_build/src/mechaml.cmi"
"built_lib_mechaml" "/home/yago/Prog/OCaml/mechaml/_build/src/mechaml.cma"
"built_lib_mechaml" "/home/yago/Prog/OCaml/mechaml/_build/src/mechaml.cmxa"
"built_lib_mechaml" "/home/yago/Prog/OCaml/mechaml/_build/src/mechaml.a"
"built_lib_mechaml" "/home/yago/Prog/OCaml/mechaml/_build/src/mechaml.cmt"
"built_lib_mechaml" "/home/yago/Prog/OCaml/mechaml/_build/src/mechaml.cmi"
"built_lib_mechaml" "/home/yago/Prog/OCaml/mechaml/_build/src/mechaml.cmxs"
"built_lib_mechaml" "/home/yago/Prog/OCaml/mechaml/_build/src/cookiejar.cmti"
"built_lib_mechaml" "/home/yago/Prog/OCaml/mechaml/_build/src/cookiejar.cmt"
"built_lib_mechaml" "/home/yago/Prog/OCaml/mechaml/_build/src/cookiejar.annot"
"built_lib_mechaml" "/home/yago/Prog/OCaml/mechaml/_build/src/page.cmti"
"built_lib_mechaml" "/home/yago/Prog/OCaml/mechaml/_build/src/page.cmt"
"built_lib_mechaml" "/home/yago/Prog/OCaml/mechaml/_build/src/page.annot"
"built_lib_mechaml" "/home/yago/Prog/OCaml/mechaml/_build/src/agent.cmti"
"built_lib_mechaml" "/home/yago/Prog/OCaml/mechaml/_build/src/agent.cmt"
"built_lib_mechaml" "/home/yago/Prog/OCaml/mechaml/_build/src/agent.annot"
"built_lib_mechaml" "/home/yago/Prog/OCaml/mechaml/_build/src/mechaml.cmx"
"is_built_exec_unit_tests" "true"
"built_exec_unit_tests" "/home/yago/Prog/OCaml/mechaml/_build/test/test.byte"
"is_built_lib_mechaml" "true"
"built_lib_mechaml" "/home/yago/Prog/OCaml/mechaml/_build/src/mechaml.cmt"
"built_lib_mechaml" "/home/yago/Prog/OCaml/mechaml/_build/src/mechaml.cmi"
"built_lib_mechaml" "/home/yago/Prog/OCaml/mechaml/_build/src/mechaml.cma"
"built_lib_mechaml" "/home/yago/Prog/OCaml/mechaml/_build/src/mechaml.cmxa"
"built_lib_mechaml" "/home/yago/Prog/OCaml/mechaml/_build/src/mechaml.a"
"built_lib_mechaml" "/home/yago/Prog/OCaml/mechaml/_build/src/mechaml.cmt"
"built_lib_mechaml" "/home/yago/Prog/OCaml/mechaml/_build/src/mechaml.cmi"
"built_lib_mechaml" "/home/yago/Prog/OCaml/mechaml/_build/src/mechaml.cmxs"
"built_lib_mechaml" "/home/yago/Prog/OCaml/mechaml/_build/src/cookiejar.cmti"
"built_lib_mechaml" "/home/yago/Prog/OCaml/mechaml/_build/src/cookiejar.cmt"
"built_lib_mechaml" "/home/yago/Prog/OCaml/mechaml/_build/src/cookiejar.annot"
"built_lib_mechaml" "/home/yago/Prog/OCaml/mechaml/_build/src/page.cmti"
"built_lib_mechaml" "/home/yago/Prog/OCaml/mechaml/_build/src/page.cmt"
"built_lib_mechaml" "/home/yago/Prog/OCaml/mechaml/_build/src/page.annot"
"built_lib_mechaml" "/home/yago/Prog/OCaml/mechaml/_build/src/agent.cmti"
"built_lib_mechaml" "/home/yago/Prog/OCaml/mechaml/_build/src/agent.cmt"
"built_lib_mechaml" "/home/yago/Prog/OCaml/mechaml/_build/src/agent.annot"
"built_lib_mechaml" "/home/yago/Prog/OCaml/mechaml/_build/src/mechaml.cmx"
"is_built_exec_unit_tests" "true"
"built_exec_unit_tests" "/home/yago/Prog/OCaml/mechaml/_build/test/test.byte"
"is_built_lib_mechaml" "true"
"built_lib_mechaml" "/home/yago/Prog/OCaml/mechaml/_build/src/mechaml.cmt"
"built_lib_mechaml" "/home/yago/Prog/OCaml/mechaml/_build/src/mechaml.cmi"
"built_lib_mechaml" "/home/yago/Prog/OCaml/mechaml/_build/src/mechaml.cma"
"built_lib_mechaml" "/home/yago/Prog/OCaml/mechaml/_build/src/mechaml.cmxa"
"built_lib_mechaml" "/home/yago/Prog/OCaml/mechaml/_build/src/mechaml.a"
"built_lib_mechaml" "/home/yago/Prog/OCaml/mechaml/_build/src/mechaml.cmt"
"built_lib_mechaml" "/home/yago/Prog/OCaml/mechaml/_build/src/mechaml.cmi"
"built_lib_mechaml" "/home/yago/Prog/OCaml/mechaml/_build/src/mechaml.cmxs"
"built_lib_mechaml" "/home/yago/Prog/OCaml/mechaml/_build/src/cookiejar.cmti"
"built_lib_mechaml" "/home/yago/Prog/OCaml/mechaml/_build/src/cookiejar.cmt"
"built_lib_mechaml" "/home/yago/Prog/OCaml/mechaml/_build/src/cookiejar.annot"
"built_lib_mechaml" "/home/yago/Prog/OCaml/mechaml/_build/src/page.cmti"
"built_lib_mechaml" "/home/yago/Prog/OCaml/mechaml/_build/src/page.cmt"
"built_lib_mechaml" "/home/yago/Prog/OCaml/mechaml/_build/src/page.annot"
"built_lib_mechaml" "/home/yago/Prog/OCaml/mechaml/_build/src/agent.cmti"
"built_lib_mechaml" "/home/yago/Prog/OCaml/mechaml/_build/src/agent.cmt"
"built_lib_mechaml" "/home/yago/Prog/OCaml/mechaml/_build/src/agent.annot"
"built_lib_mechaml" "/home/yago/Prog/OCaml/mechaml/_build/src/mechaml.cmx"
"is_built_exec_unit_tests" "true"
"built_exec_unit_tests" "/home/yago/Prog/OCaml/mechaml/_build/test/test.byte"
"is_built_lib_mechaml" "true"
"built_lib_mechaml" "/home/yago/Prog/OCaml/mechaml/_build/src/mechaml.cmt"
"built_lib_mechaml" "/home/yago/Prog/OCaml/mechaml/_build/src/mechaml.cmi"
"built_lib_mechaml" "/home/yago/Prog/OCaml/mechaml/_build/src/mechaml.cma"
"built_lib_mechaml" "/home/yago/Prog/OCaml/mechaml/_build/src/mechaml.cmxa"
"built_lib_mechaml" "/home/yago/Prog/OCaml/mechaml/_build/src/mechaml.a"
"built_lib_mechaml" "/home/yago/Prog/OCaml/mechaml/_build/src/mechaml.cmt"
"built_lib_mechaml" "/home/yago/Prog/OCaml/mechaml/_build/src/mechaml.cmi"
"built_lib_mechaml" "/home/yago/Prog/OCaml/mechaml/_build/src/mechaml.cmxs"
"built_lib_mechaml" "/home/yago/Prog/OCaml/mechaml/_build/src/cookiejar.cmti"
"built_lib_mechaml" "/home/yago/Prog/OCaml/mechaml/_build/src/cookiejar.cmt"
"built_lib_mechaml" "/home/yago/Prog/OCaml/mechaml/_build/src/cookiejar.annot"
"built_lib_mechaml" "/home/yago/Prog/OCaml/mechaml/_build/src/page.cmti"
"built_lib_mechaml" "/home/yago/Prog/OCaml/mechaml/_build/src/page.cmt"
"built_lib_mechaml" "/home/yago/Prog/OCaml/mechaml/_build/src/page.annot"
"built_lib_mechaml" "/home/yago/Prog/OCaml/mechaml/_build/src/agent.cmti"
"built_lib_mechaml" "/home/yago/Prog/OCaml/mechaml/_build/src/agent.cmt"
"built_lib_mechaml" "/home/yago/Prog/OCaml/mechaml/_build/src/agent.annot"
"built_lib_mechaml" "/home/yago/Prog/OCaml/mechaml/_build/src/mechaml.cmx"
"is_built_exec_unit_tests" "true"
"built_exec_unit_tests" "/home/yago/Prog/OCaml/mechaml/_build/test/test.byte"
"is_built_lib_mechaml" "true"
"built_lib_mechaml" "/home/yago/Prog/OCaml/mechaml/_build/src/mechaml.cmt"
"built_lib_mechaml" "/home/yago/Prog/OCaml/mechaml/_build/src/mechaml.cmi"
"built_lib_mechaml" "/home/yago/Prog/OCaml/mechaml/_build/src/mechaml.cma"
"built_lib_mechaml" "/home/yago/Prog/OCaml/mechaml/_build/src/mechaml.cmxa"
"built_lib_mechaml" "/home/yago/Prog/OCaml/mechaml/_build/src/mechaml.a"
"built_lib_mechaml" "/home/yago/Prog/OCaml/mechaml/_build/src/mechaml.cmt"
"built_lib_mechaml" "/home/yago/Prog/OCaml/mechaml/_build/src/mechaml.cmi"
"built_lib_mechaml" "/home/yago/Prog/OCaml/mechaml/_build/src/mechaml.cmxs"
"built_lib_mechaml" "/home/yago/Prog/OCaml/mechaml/_build/src/cookiejar.cmti"
"built_lib_mechaml" "/home/yago/Prog/OCaml/mechaml/_build/src/cookiejar.cmt"
"built_lib_mechaml" "/home/yago/Prog/OCaml/mechaml/_build/src/cookiejar.annot"
"built_lib_mechaml" "/home/yago/Prog/OCaml/mechaml/_build/src/page.cmti"
"built_lib_mechaml" "/home/yago/Prog/OCaml/mechaml/_build/src/page.cmt"
"built_lib_mechaml" "/home/yago/Prog/OCaml/mechaml/_build/src/page.annot"
"built_lib_mechaml" "/home/yago/Prog/OCaml/mechaml/_build/src/agent.cmti"
"built_lib_mechaml" "/home/yago/Prog/OCaml/mechaml/_build/src/agent.cmt"
"built_lib_mechaml" "/home/yago/Prog/OCaml/mechaml/_build/src/agent.annot"
"built_lib_mechaml" "/home/yago/Prog/OCaml/mechaml/_build/src/mechaml.cmx"
"is_built_exec_unit_tests" "true"
"built_exec_unit_tests" "/home/yago/Prog/OCaml/mechaml/_build/test/test.byte"
"is_built_lib_mechaml" "true"
"built_lib_mechaml" "/home/yago/Prog/OCaml/mechaml/_build/src/mechaml.cmt"
"built_lib_mechaml" "/home/yago/Prog/OCaml/mechaml/_build/src/mechaml.cmi"
"built_lib_mechaml" "/home/yago/Prog/OCaml/mechaml/_build/src/mechaml.cma"
"built_lib_mechaml" "/home/yago/Prog/OCaml/mechaml/_build/src/mechaml.cmxa"
"built_lib_mechaml" "/home/yago/Prog/OCaml/mechaml/_build/src/mechaml.a"
"built_lib_mechaml" "/home/yago/Prog/OCaml/mechaml/_build/src/mechaml.cmt"
"built_lib_mechaml" "/home/yago/Prog/OCaml/mechaml/_build/src/mechaml.cmi"
"built_lib_mechaml" "/home/yago/Prog/OCaml/mechaml/_build/src/mechaml.cmxs"
"built_lib_mechaml" "/home/yago/Prog/OCaml/mechaml/_build/src/cookiejar.cmti"
"built_lib_mechaml" "/home/yago/Prog/OCaml/mechaml/_build/src/cookiejar.cmt"
"built_lib_mechaml" "/home/yago/Prog/OCaml/mechaml/_build/src/cookiejar.annot"
"built_lib_mechaml" "/home/yago/Prog/OCaml/mechaml/_build/src/page.cmti"
"built_lib_mechaml" "/home/yago/Prog/OCaml/mechaml/_build/src/page.cmt"
"built_lib_mechaml" "/home/yago/Prog/OCaml/mechaml/_build/src/page.annot"
"built_lib_mechaml" "/home/yago/Prog/OCaml/mechaml/_build/src/agent.cmti"
"built_lib_mechaml" "/home/yago/Prog/OCaml/mechaml/_build/src/agent.cmt"
"built_lib_mechaml" "/home/yago/Prog/OCaml/mechaml/_build/src/agent.annot"
"built_lib_mechaml" "/home/yago/Prog/OCaml/mechaml/_build/src/mechaml.cmx"
"is_built_exec_unit_tests" "true"
"built_exec_unit_tests" "/home/yago/Prog/OCaml/mechaml/_build/test/test.byte"
"is_built_lib_mechaml" "true"
"built_lib_mechaml" "/home/yago/Prog/OCaml/mechaml/_build/src/mechaml.cmt"
"built_lib_mechaml" "/home/yago/Prog/OCaml/mechaml/_build/src/mechaml.cmi"
"built_lib_mechaml" "/home/yago/Prog/OCaml/mechaml/_build/src/mechaml.cma"
"built_lib_mechaml" "/home/yago/Prog/OCaml/mechaml/_build/src/mechaml.cmxa"
"built_lib_mechaml" "/home/yago/Prog/OCaml/mechaml/_build/src/mechaml.a"
"built_lib_mechaml" "/home/yago/Prog/OCaml/mechaml/_build/src/mechaml.cmt"
"built_lib_mechaml" "/home/yago/Prog/OCaml/mechaml/_build/src/mechaml.cmi"
"built_lib_mechaml" "/home/yago/Prog/OCaml/mechaml/_build/src/mechaml.cmxs"
"built_lib_mechaml" "/home/yago/Prog/OCaml/mechaml/_build/src/cookiejar.cmti"
"built_lib_mechaml" "/home/yago/Prog/OCaml/mechaml/_build/src/cookiejar.cmt"
"built_lib_mechaml" "/home/yago/Prog/OCaml/mechaml/_build/src/cookiejar.annot"
"built_lib_mechaml" "/home/yago/Prog/OCaml/mechaml/_build/src/page.cmti"
"built_lib_mechaml" "/home/yago/Prog/OCaml/mechaml/_build/src/page.cmt"
"built_lib_mechaml" "/home/yago/Prog/OCaml/mechaml/_build/src/page.annot"
"built_lib_mechaml" "/home/yago/Prog/OCaml/mechaml/_build/src/agent.cmti"
"built_lib_mechaml" "/home/yago/Prog/OCaml/mechaml/_build/src/agent.cmt"
"built_lib_mechaml" "/home/yago/Prog/OCaml/mechaml/_build/src/agent.annot"
"built_lib_mechaml" "/home/yago/Prog/OCaml/mechaml/_build/src/mechaml.cmx"
"is_built_exec_unit_tests" "true"
"built_exec_unit_tests" "/home/yago/Prog/OCaml/mechaml/_build/test/test.byte"
"is_built_lib_mechaml" "true"
"built_lib_mechaml" "/mnt/Data/Prog/OCaml/mechaml/_build/src/mechaml.cmt"
"built_lib_mechaml" "/mnt/Data/Prog/OCaml/mechaml/_build/src/mechaml.cmi"
"built_lib_mechaml" "/mnt/Data/Prog/OCaml/mechaml/_build/src/mechaml.cma"
"built_lib_mechaml" "/mnt/Data/Prog/OCaml/mechaml/_build/src/mechaml.cmxa"
"built_lib_mechaml" "/mnt/Data/Prog/OCaml/mechaml/_build/src/mechaml.a"
"built_lib_mechaml" "/mnt/Data/Prog/OCaml/mechaml/_build/src/mechaml.cmt"
"built_lib_mechaml" "/mnt/Data/Prog/OCaml/mechaml/_build/src/mechaml.cmi"
"built_lib_mechaml" "/mnt/Data/Prog/OCaml/mechaml/_build/src/mechaml.cmxs"
"built_lib_mechaml" "/mnt/Data/Prog/OCaml/mechaml/_build/src/cookiejar.cmti"
"built_lib_mechaml" "/mnt/Data/Prog/OCaml/mechaml/_build/src/cookiejar.cmt"
"built_lib_mechaml" "/mnt/Data/Prog/OCaml/mechaml/_build/src/cookiejar.annot"
"built_lib_mechaml" "/mnt/Data/Prog/OCaml/mechaml/_build/src/page.cmti"
"built_lib_mechaml" "/mnt/Data/Prog/OCaml/mechaml/_build/src/page.cmt"
"built_lib_mechaml" "/mnt/Data/Prog/OCaml/mechaml/_build/src/page.annot"
"built_lib_mechaml" "/mnt/Data/Prog/OCaml/mechaml/_build/src/agent.cmti"
"built_lib_mechaml" "/mnt/Data/Prog/OCaml/mechaml/_build/src/agent.cmt"
"built_lib_mechaml" "/mnt/Data/Prog/OCaml/mechaml/_build/src/agent.annot"
"built_lib_mechaml" "/mnt/Data/Prog/OCaml/mechaml/_build/src/mechaml.cmx"
"is_built_exec_unit_tests" "true"
"built_exec_unit_tests" "/mnt/Data/Prog/OCaml/mechaml/_build/test/test.byte"
"is_built_lib_mechaml" "true"
"built_lib_mechaml" "/mnt/Data/Prog/OCaml/mechaml/_build/src/mechaml.cmt"
"built_lib_mechaml" "/mnt/Data/Prog/OCaml/mechaml/_build/src/mechaml.cmi"
"built_lib_mechaml" "/mnt/Data/Prog/OCaml/mechaml/_build/src/mechaml.cma"
"built_lib_mechaml" "/mnt/Data/Prog/OCaml/mechaml/_build/src/mechaml.cmxa"
"built_lib_mechaml" "/mnt/Data/Prog/OCaml/mechaml/_build/src/mechaml.a"
"built_lib_mechaml" "/mnt/Data/Prog/OCaml/mechaml/_build/src/mechaml.cmt"
"built_lib_mechaml" "/mnt/Data/Prog/OCaml/mechaml/_build/src/mechaml.cmi"
"built_lib_mechaml" "/mnt/Data/Prog/OCaml/mechaml/_build/src/mechaml.cmxs"
"built_lib_mechaml" "/mnt/Data/Prog/OCaml/mechaml/_build/src/cookiejar.cmti"
"built_lib_mechaml" "/mnt/Data/Prog/OCaml/mechaml/_build/src/cookiejar.cmt"
"built_lib_mechaml" "/mnt/Data/Prog/OCaml/mechaml/_build/src/cookiejar.annot"
"built_lib_mechaml" "/mnt/Data/Prog/OCaml/mechaml/_build/src/page.cmti"
"built_lib_mechaml" "/mnt/Data/Prog/OCaml/mechaml/_build/src/page.cmt"
"built_lib_mechaml" "/mnt/Data/Prog/OCaml/mechaml/_build/src/page.annot"
"built_lib_mechaml" "/mnt/Data/Prog/OCaml/mechaml/_build/src/agent.cmti"
"built_lib_mechaml" "/mnt/Data/Prog/OCaml/mechaml/_build/src/agent.cmt"
"built_lib_mechaml" "/mnt/Data/Prog/OCaml/mechaml/_build/src/agent.annot"
"built_lib_mechaml" "/mnt/Data/Prog/OCaml/mechaml/_build/src/mechaml.cmx"
"is_built_exec_unit_tests" "true"
"built_exec_unit_tests" "/mnt/Data/Prog/OCaml/mechaml/_build/test/test.byte"
"is_built_lib_mechaml" "true"
"built_lib_mechaml" "/mnt/Data/Prog/OCaml/mechaml/_build/src/mechaml.cmt"
"built_lib_mechaml" "/mnt/Data/Prog/OCaml/mechaml/_build/src/mechaml.cmi"
"built_lib_mechaml" "/mnt/Data/Prog/OCaml/mechaml/_build/src/mechaml.cma"
"built_lib_mechaml" "/mnt/Data/Prog/OCaml/mechaml/_build/src/mechaml.cmxa"
"built_lib_mechaml" "/mnt/Data/Prog/OCaml/mechaml/_build/src/mechaml.a"
"built_lib_mechaml" "/mnt/Data/Prog/OCaml/mechaml/_build/src/mechaml.cmt"
"built_lib_mechaml" "/mnt/Data/Prog/OCaml/mechaml/_build/src/mechaml.cmi"
"built_lib_mechaml" "/mnt/Data/Prog/OCaml/mechaml/_build/src/mechaml.cmxs"
"built_lib_mechaml" "/mnt/Data/Prog/OCaml/mechaml/_build/src/cookiejar.cmti"
"built_lib_mechaml" "/mnt/Data/Prog/OCaml/mechaml/_build/src/cookiejar.cmt"
"built_lib_mechaml" "/mnt/Data/Prog/OCaml/mechaml/_build/src/cookiejar.annot"
"built_lib_mechaml" "/mnt/Data/Prog/OCaml/mechaml/_build/src/page.cmti"
"built_lib_mechaml" "/mnt/Data/Prog/OCaml/mechaml/_build/src/page.cmt"
"built_lib_mechaml" "/mnt/Data/Prog/OCaml/mechaml/_build/src/page.annot"
"built_lib_mechaml" "/mnt/Data/Prog/OCaml/mechaml/_build/src/agent.cmti"
"built_lib_mechaml" "/mnt/Data/Prog/OCaml/mechaml/_build/src/agent.cmt"
"built_lib_mechaml" "/mnt/Data/Prog/OCaml/mechaml/_build/src/agent.annot"
"built_lib_mechaml" "/mnt/Data/Prog/OCaml/mechaml/_build/src/mechaml.cmx"
"is_built_exec_unit_tests" "true"
"built_exec_unit_tests" "/mnt/Data/Prog/OCaml/mechaml/_build/test/test.byte"
"is_built_lib_mechaml" "true"
"built_lib_mechaml" "/mnt/Data/Prog/OCaml/mechaml/_build/src/mechaml.cmt"
"built_lib_mechaml" "/mnt/Data/Prog/OCaml/mechaml/_build/src/mechaml.cmi"
"built_lib_mechaml" "/mnt/Data/Prog/OCaml/mechaml/_build/src/mechaml.cma"
"built_lib_mechaml" "/mnt/Data/Prog/OCaml/mechaml/_build/src/mechaml.cmxa"
"built_lib_mechaml" "/mnt/Data/Prog/OCaml/mechaml/_build/src/mechaml.a"
"built_lib_mechaml" "/mnt/Data/Prog/OCaml/mechaml/_build/src/mechaml.cmt"
"built_lib_mechaml" "/mnt/Data/Prog/OCaml/mechaml/_build/src/mechaml.cmi"
"built_lib_mechaml" "/mnt/Data/Prog/OCaml/mechaml/_build/src/mechaml.cmxs"
"built_lib_mechaml" "/mnt/Data/Prog/OCaml/mechaml/_build/src/cookiejar.cmti"
"built_lib_mechaml" "/mnt/Data/Prog/OCaml/mechaml/_build/src/cookiejar.cmt"
"built_lib_mechaml" "/mnt/Data/Prog/OCaml/mechaml/_build/src/cookiejar.annot"
"built_lib_mechaml" "/mnt/Data/Prog/OCaml/mechaml/_build/src/page.cmti"
"built_lib_mechaml" "/mnt/Data/Prog/OCaml/mechaml/_build/src/page.cmt"
"built_lib_mechaml" "/mnt/Data/Prog/OCaml/mechaml/_build/src/page.annot"
"built_lib_mechaml" "/mnt/Data/Prog/OCaml/mechaml/_build/src/agent.cmti"
"built_lib_mechaml" "/mnt/Data/Prog/OCaml/mechaml/_build/src/agent.cmt"
"built_lib_mechaml" "/mnt/Data/Prog/OCaml/mechaml/_build/src/agent.annot"
"built_lib_mechaml" "/mnt/Data/Prog/OCaml/mechaml/_build/src/mechaml.cmx"
"is_built_exec_unit_tests" "true"
"built_exec_unit_tests" "/mnt/Data/Prog/OCaml/mechaml/_build/test/test.byte"
"is_built_lib_mechaml" "true"
"built_lib_mechaml" "/mnt/Data/Prog/OCaml/mechaml/_build/src/mechaml.cmt"
"built_lib_mechaml" "/mnt/Data/Prog/OCaml/mechaml/_build/src/mechaml.cmi"
"built_lib_mechaml" "/mnt/Data/Prog/OCaml/mechaml/_build/src/mechaml.cma"
"built_lib_mechaml" "/mnt/Data/Prog/OCaml/mechaml/_build/src/mechaml.cmxa"
"built_lib_mechaml" "/mnt/Data/Prog/OCaml/mechaml/_build/src/mechaml.a"
"built_lib_mechaml" "/mnt/Data/Prog/OCaml/mechaml/_build/src/mechaml.cmt"
"built_lib_mechaml" "/mnt/Data/Prog/OCaml/mechaml/_build/src/mechaml.cmi"
"built_lib_mechaml" "/mnt/Data/Prog/OCaml/mechaml/_build/src/mechaml.cmxs"
"built_lib_mechaml" "/mnt/Data/Prog/OCaml/mechaml/_build/src/cookiejar.cmti"
"built_lib_mechaml" "/mnt/Data/Prog/OCaml/mechaml/_build/src/cookiejar.cmt"
"built_lib_mechaml" "/mnt/Data/Prog/OCaml/mechaml/_build/src/cookiejar.annot"
"built_lib_mechaml" "/mnt/Data/Prog/OCaml/mechaml/_build/src/page.cmti"
"built_lib_mechaml" "/mnt/Data/Prog/OCaml/mechaml/_build/src/page.cmt"
"built_lib_mechaml" "/mnt/Data/Prog/OCaml/mechaml/_build/src/page.annot"
"built_lib_mechaml" "/mnt/Data/Prog/OCaml/mechaml/_build/src/agent.cmti"
"built_lib_mechaml" "/mnt/Data/Prog/OCaml/mechaml/_build/src/agent.cmt"
"built_lib_mechaml" "/mnt/Data/Prog/OCaml/mechaml/_build/src/agent.annot"
"built_lib_mechaml" "/mnt/Data/Prog/OCaml/mechaml/_build/src/mechaml.cmx"
"is_built_exec_unit_tests" "true"
"built_exec_unit_tests" "/mnt/Data/Prog/OCaml/mechaml/_build/test/test.byte"
"is_built_lib_mechaml" "true"
"built_lib_mechaml" "/mnt/Data/Prog/OCaml/mechaml/_build/src/mechaml.cmt"
"built_lib_mechaml" "/mnt/Data/Prog/OCaml/mechaml/_build/src/mechaml.cmi"
"built_lib_mechaml" "/mnt/Data/Prog/OCaml/mechaml/_build/src/mechaml.cma"
"built_lib_mechaml" "/mnt/Data/Prog/OCaml/mechaml/_build/src/mechaml.cmxa"
"built_lib_mechaml" "/mnt/Data/Prog/OCaml/mechaml/_build/src/mechaml.a"
"built_lib_mechaml" "/mnt/Data/Prog/OCaml/mechaml/_build/src/mechaml.cmt"
"built_lib_mechaml" "/mnt/Data/Prog/OCaml/mechaml/_build/src/mechaml.cmi"
"built_lib_mechaml" "/mnt/Data/Prog/OCaml/mechaml/_build/src/mechaml.cmxs"
"built_lib_mechaml" "/mnt/Data/Prog/OCaml/mechaml/_build/src/cookiejar.cmti"
"built_lib_mechaml" "/mnt/Data/Prog/OCaml/mechaml/_build/src/cookiejar.cmt"
"built_lib_mechaml" "/mnt/Data/Prog/OCaml/mechaml/_build/src/cookiejar.annot"
"built_lib_mechaml" "/mnt/Data/Prog/OCaml/mechaml/_build/src/page.cmti"
"built_lib_mechaml" "/mnt/Data/Prog/OCaml/mechaml/_build/src/page.cmt"
"built_lib_mechaml" "/mnt/Data/Prog/OCaml/mechaml/_build/src/page.annot"
"built_lib_mechaml" "/mnt/Data/Prog/OCaml/mechaml/_build/src/agent.cmti"
"built_lib_mechaml" "/mnt/Data/Prog/OCaml/mechaml/_build/src/agent.cmt"
"built_lib_mechaml" "/mnt/Data/Prog/OCaml/mechaml/_build/src/agent.annot"
"built_lib_mechaml" "/mnt/Data/Prog/OCaml/mechaml/_build/src/mechaml.cmx"
"is_built_exec_unit_tests" "true"
"built_exec_unit_tests" "/mnt/Data/Prog/OCaml/mechaml/_build/test/test.byte"
"is_built_lib_mechaml" "true"
"built_lib_mechaml" "/mnt/Data/Prog/OCaml/mechaml/_build/src/mechaml.cmt"
"built_lib_mechaml" "/mnt/Data/Prog/OCaml/mechaml/_build/src/mechaml.cmi"
"built_lib_mechaml" "/mnt/Data/Prog/OCaml/mechaml/_build/src/mechaml.cma"
"built_lib_mechaml" "/mnt/Data/Prog/OCaml/mechaml/_build/src/mechaml.cmxa"
"built_lib_mechaml" "/mnt/Data/Prog/OCaml/mechaml/_build/src/mechaml.a"
"built_lib_mechaml" "/mnt/Data/Prog/OCaml/mechaml/_build/src/mechaml.cmt"
"built_lib_mechaml" "/mnt/Data/Prog/OCaml/mechaml/_build/src/mechaml.cmi"
"built_lib_mechaml" "/mnt/Data/Prog/OCaml/mechaml/_build/src/mechaml.cmxs"
"built_lib_mechaml" "/mnt/Data/Prog/OCaml/mechaml/_build/src/cookiejar.cmti"
"built_lib_mechaml" "/mnt/Data/Prog/OCaml/mechaml/_build/src/cookiejar.cmt"
"built_lib_mechaml" "/mnt/Data/Prog/OCaml/mechaml/_build/src/cookiejar.annot"
"built_lib_mechaml" "/mnt/Data/Prog/OCaml/mechaml/_build/src/page.cmti"
"built_lib_mechaml" "/mnt/Data/Prog/OCaml/mechaml/_build/src/page.cmt"
"built_lib_mechaml" "/mnt/Data/Prog/OCaml/mechaml/_build/src/page.annot"
"built_lib_mechaml" "/mnt/Data/Prog/OCaml/mechaml/_build/src/agent.cmti"
"built_lib_mechaml" "/mnt/Data/Prog/OCaml/mechaml/_build/src/agent.cmt"
"built_lib_mechaml" "/mnt/Data/Prog/OCaml/mechaml/_build/src/agent.annot"
"built_lib_mechaml" "/mnt/Data/Prog/OCaml/mechaml/_build/src/mechaml.cmx"
"is_built_exec_unit_tests" "true"
"built_exec_unit_tests" "/mnt/Data/Prog/OCaml/mechaml/_build/test/test.byte"
"is_built_lib_mechaml" "true"
"built_lib_mechaml" "/mnt/Data/Prog/OCaml/mechaml/_build/src/mechaml.cmt"
"built_lib_mechaml" "/mnt/Data/Prog/OCaml/mechaml/_build/src/mechaml.cmi"
"built_lib_mechaml" "/mnt/Data/Prog/OCaml/mechaml/_build/src/mechaml.cma"
"built_lib_mechaml" "/mnt/Data/Prog/OCaml/mechaml/_build/src/mechaml.cmxa"
"built_lib_mechaml" "/mnt/Data/Prog/OCaml/mechaml/_build/src/mechaml.a"
"built_lib_mechaml" "/mnt/Data/Prog/OCaml/mechaml/_build/src/mechaml.cmt"
"built_lib_mechaml" "/mnt/Data/Prog/OCaml/mechaml/_build/src/mechaml.cmi"
"built_lib_mechaml" "/mnt/Data/Prog/OCaml/mechaml/_build/src/mechaml.cmxs"
"built_lib_mechaml" "/mnt/Data/Prog/OCaml/mechaml/_build/src/cookiejar.cmti"
"built_lib_mechaml" "/mnt/Data/Prog/OCaml/mechaml/_build/src/cookiejar.cmt"
"built_lib_mechaml" "/mnt/Data/Prog/OCaml/mechaml/_build/src/cookiejar.annot"
"built_lib_mechaml" "/mnt/Data/Prog/OCaml/mechaml/_build/src/page.cmti"
"built_lib_mechaml" "/mnt/Data/Prog/OCaml/mechaml/_build/src/page.cmt"
"built_lib_mechaml" "/mnt/Data/Prog/OCaml/mechaml/_build/src/page.annot"
"built_lib_mechaml" "/mnt/Data/Prog/OCaml/mechaml/_build/src/agent.cmti"
"built_lib_mechaml" "/mnt/Data/Prog/OCaml/mechaml/_build/src/agent.cmt"
"built_lib_mechaml" "/mnt/Data/Prog/OCaml/mechaml/_build/src/agent.annot"
"built_lib_mechaml" "/mnt/Data/Prog/OCaml/mechaml/_build/src/mechaml.cmx"
"is_built_exec_unit_tests" "true"
"built_exec_unit_tests" "/mnt/Data/Prog/OCaml/mechaml/_build/test/test.byte"
"is_built_lib_mechaml" "true"
"built_lib_mechaml" "/mnt/Data/Prog/OCaml/mechaml/_build/src/mechaml.cmt"
"built_lib_mechaml" "/mnt/Data/Prog/OCaml/mechaml/_build/src/mechaml.cmi"
"built_lib_mechaml" "/mnt/Data/Prog/OCaml/mechaml/_build/src/mechaml.cma"
"built_lib_mechaml" "/mnt/Data/Prog/OCaml/mechaml/_build/src/mechaml.cmxa"
"built_lib_mechaml" "/mnt/Data/Prog/OCaml/mechaml/_build/src/mechaml.a"
"built_lib_mechaml" "/mnt/Data/Prog/OCaml/mechaml/_build/src/mechaml.cmt"
"built_lib_mechaml" "/mnt/Data/Prog/OCaml/mechaml/_build/src/mechaml.cmi"
"built_lib_mechaml" "/mnt/Data/Prog/OCaml/mechaml/_build/src/mechaml.cmxs"
"built_lib_mechaml" "/mnt/Data/Prog/OCaml/mechaml/_build/src/cookiejar.cmti"
"built_lib_mechaml" "/mnt/Data/Prog/OCaml/mechaml/_build/src/cookiejar.cmt"
"built_lib_mechaml" "/mnt/Data/Prog/OCaml/mechaml/_build/src/cookiejar.annot"
"built_lib_mechaml" "/mnt/Data/Prog/OCaml/mechaml/_build/src/page.cmti"
"built_lib_mechaml" "/mnt/Data/Prog/OCaml/mechaml/_build/src/page.cmt"
"built_lib_mechaml" "/mnt/Data/Prog/OCaml/mechaml/_build/src/page.annot"
"built_lib_mechaml" "/mnt/Data/Prog/OCaml/mechaml/_build/src/agent.cmti"
"built_lib_mechaml" "/mnt/Data/Prog/OCaml/mechaml/_build/src/agent.cmt"
"built_lib_mechaml" "/mnt/Data/Prog/OCaml/mechaml/_build/src/agent.annot"
"built_lib_mechaml" "/mnt/Data/Prog/OCaml/mechaml/_build/src/mechaml.cmx"
"is_built_exec_unit_tests" "true"
"built_exec_unit_tests" "/mnt/Data/Prog/OCaml/mechaml/_build/test/test.byte"
"is_built_lib_mechaml" "true"
"built_lib_mechaml" "/mnt/Data/Prog/OCaml/mechaml/_build/src/mechaml.cmt"
"built_lib_mechaml" "/mnt/Data/Prog/OCaml/mechaml/_build/src/mechaml.cmi"
"built_lib_mechaml" "/mnt/Data/Prog/OCaml/mechaml/_build/src/mechaml.cma"
"built_lib_mechaml" "/mnt/Data/Prog/OCaml/mechaml/_build/src/mechaml.cmxa"
"built_lib_mechaml" "/mnt/Data/Prog/OCaml/mechaml/_build/src/mechaml.a"
"built_lib_mechaml" "/mnt/Data/Prog/OCaml/mechaml/_build/src/mechaml.cmt"
"built_lib_mechaml" "/mnt/Data/Prog/OCaml/mechaml/_build/src/mechaml.cmi"
"built_lib_mechaml" "/mnt/Data/Prog/OCaml/mechaml/_build/src/mechaml.cmxs"
"built_lib_mechaml" "/mnt/Data/Prog/OCaml/mechaml/_build/src/cookiejar.cmti"
"built_lib_mechaml" "/mnt/Data/Prog/OCaml/mechaml/_build/src/cookiejar.cmt"
"built_lib_mechaml" "/mnt/Data/Prog/OCaml/mechaml/_build/src/cookiejar.annot"
"built_lib_mechaml" "/mnt/Data/Prog/OCaml/mechaml/_build/src/page.cmti"
"built_lib_mechaml" "/mnt/Data/Prog/OCaml/mechaml/_build/src/page.cmt"
"built_lib_mechaml" "/mnt/Data/Prog/OCaml/mechaml/_build/src/page.annot"
"built_lib_mechaml" "/mnt/Data/Prog/OCaml/mechaml/_build/src/agent.cmti"
"built_lib_mechaml" "/mnt/Data/Prog/OCaml/mechaml/_build/src/agent.cmt"
"built_lib_mechaml" "/mnt/Data/Prog/OCaml/mechaml/_build/src/agent.annot"
"built_lib_mechaml" "/mnt/Data/Prog/OCaml/mechaml/_build/src/mechaml.cmx"
"is_built_exec_unit_tests" "true"
"built_exec_unit_tests" "/mnt/Data/Prog/OCaml/mechaml/_build/test/test.byte"
"is_built_lib_mechaml" "true"
"built_lib_mechaml" "/mnt/Data/Prog/OCaml/mechaml/_build/src/mechaml.cmt"
"built_lib_mechaml" "/mnt/Data/Prog/OCaml/mechaml/_build/src/mechaml.cmi"
"built_lib_mechaml" "/mnt/Data/Prog/OCaml/mechaml/_build/src/mechaml.cma"
"built_lib_mechaml" "/mnt/Data/Prog/OCaml/mechaml/_build/src/mechaml.cmxa"
"built_lib_mechaml" "/mnt/Data/Prog/OCaml/mechaml/_build/src/mechaml.a"
"built_lib_mechaml" "/mnt/Data/Prog/OCaml/mechaml/_build/src/mechaml.cmt"
"built_lib_mechaml" "/mnt/Data/Prog/OCaml/mechaml/_build/src/mechaml.cmi"
"built_lib_mechaml" "/mnt/Data/Prog/OCaml/mechaml/_build/src/mechaml.cmxs"
"built_lib_mechaml" "/mnt/Data/Prog/OCaml/mechaml/_build/src/cookiejar.cmti"
"built_lib_mechaml" "/mnt/Data/Prog/OCaml/mechaml/_build/src/cookiejar.cmt"
"built_lib_mechaml" "/mnt/Data/Prog/OCaml/mechaml/_build/src/cookiejar.annot"
"built_lib_mechaml" "/mnt/Data/Prog/OCaml/mechaml/_build/src/page.cmti"
"built_lib_mechaml" "/mnt/Data/Prog/OCaml/mechaml/_build/src/page.cmt"
"built_lib_mechaml" "/mnt/Data/Prog/OCaml/mechaml/_build/src/page.annot"
"built_lib_mechaml" "/mnt/Data/Prog/OCaml/mechaml/_build/src/agent.cmti"
"built_lib_mechaml" "/mnt/Data/Prog/OCaml/mechaml/_build/src/agent.cmt"
"built_lib_mechaml" "/mnt/Data/Prog/OCaml/mechaml/_build/src/agent.annot"
"built_lib_mechaml" "/mnt/Data/Prog/OCaml/mechaml/_build/src/mechaml.cmx"
"is_built_exec_unit_tests" "true"
"built_exec_unit_tests" "/mnt/Data/Prog/OCaml/mechaml/_build/test/test.byte"
"is_built_lib_mechaml" "true"
"built_lib_mechaml" "/mnt/Data/Prog/OCaml/mechaml/_build/src/mechaml.cmt"
"built_lib_mechaml" "/mnt/Data/Prog/OCaml/mechaml/_build/src/mechaml.cmi"
"built_lib_mechaml" "/mnt/Data/Prog/OCaml/mechaml/_build/src/mechaml.cma"
"built_lib_mechaml" "/mnt/Data/Prog/OCaml/mechaml/_build/src/mechaml.cmxa"
"built_lib_mechaml" "/mnt/Data/Prog/OCaml/mechaml/_build/src/mechaml.a"
"built_lib_mechaml" "/mnt/Data/Prog/OCaml/mechaml/_build/src/mechaml.cmt"
"built_lib_mechaml" "/mnt/Data/Prog/OCaml/mechaml/_build/src/mechaml.cmi"
"built_lib_mechaml" "/mnt/Data/Prog/OCaml/mechaml/_build/src/mechaml.cmxs"
"built_lib_mechaml" "/mnt/Data/Prog/OCaml/mechaml/_build/src/cookiejar.cmti"
"built_lib_mechaml" "/mnt/Data/Prog/OCaml/mechaml/_build/src/cookiejar.cmt"
"built_lib_mechaml" "/mnt/Data/Prog/OCaml/mechaml/_build/src/cookiejar.annot"
"built_lib_mechaml" "/mnt/Data/Prog/OCaml/mechaml/_build/src/page.cmti"
"built_lib_mechaml" "/mnt/Data/Prog/OCaml/mechaml/_build/src/page.cmt"
"built_lib_mechaml" "/mnt/Data/Prog/OCaml/mechaml/_build/src/page.annot"
"built_lib_mechaml" "/mnt/Data/Prog/OCaml/mechaml/_build/src/agent.cmti"
"built_lib_mechaml" "/mnt/Data/Prog/OCaml/mechaml/_build/src/agent.cmt"
"built_lib_mechaml" "/mnt/Data/Prog/OCaml/mechaml/_build/src/agent.annot"
"built_lib_mechaml" "/mnt/Data/Prog/OCaml/mechaml/_build/src/mechaml.cmx"
"is_built_exec_unit_tests" "true"
"built_exec_unit_tests" "/mnt/Data/Prog/OCaml/mechaml/_build/test/test.byte"
"is_built_lib_mechaml" "true"
"built_lib_mechaml" "/mnt/Data/Prog/OCaml/mechaml/_build/src/mechaml.cmt"
"built_lib_mechaml" "/mnt/Data/Prog/OCaml/mechaml/_build/src/mechaml.cmi"
"built_lib_mechaml" "/mnt/Data/Prog/OCaml/mechaml/_build/src/mechaml.cma"
"built_lib_mechaml" "/mnt/Data/Prog/OCaml/mechaml/_build/src/mechaml.cmxa"
"built_lib_mechaml" "/mnt/Data/Prog/OCaml/mechaml/_build/src/mechaml.a"
"built_lib_mechaml" "/mnt/Data/Prog/OCaml/mechaml/_build/src/mechaml.cmt"
"built_lib_mechaml" "/mnt/Data/Prog/OCaml/mechaml/_build/src/mechaml.cmi"
"built_lib_mechaml" "/mnt/Data/Prog/OCaml/mechaml/_build/src/mechaml.cmxs"
"built_lib_mechaml" "/mnt/Data/Prog/OCaml/mechaml/_build/src/cookiejar.cmti"
"built_lib_mechaml" "/mnt/Data/Prog/OCaml/mechaml/_build/src/cookiejar.cmt"
"built_lib_mechaml" "/mnt/Data/Prog/OCaml/mechaml/_build/src/cookiejar.annot"
"built_lib_mechaml" "/mnt/Data/Prog/OCaml/mechaml/_build/src/page.cmti"
"built_lib_mechaml" "/mnt/Data/Prog/OCaml/mechaml/_build/src/page.cmt"
"built_lib_mechaml" "/mnt/Data/Prog/OCaml/mechaml/_build/src/page.annot"
"built_lib_mechaml" "/mnt/Data/Prog/OCaml/mechaml/_build/src/agent.cmti"
"built_lib_mechaml" "/mnt/Data/Prog/OCaml/mechaml/_build/src/agent.cmt"
"built_lib_mechaml" "/mnt/Data/Prog/OCaml/mechaml/_build/src/agent.annot"
"built_lib_mechaml" "/mnt/Data/Prog/OCaml/mechaml/_build/src/mechaml.cmx"
"is_built_exec_unit_tests" "true"
"built_exec_unit_tests" "/mnt/Data/Prog/OCaml/mechaml/_build/test/test.byte"
"is_built_lib_mechaml" "true"
"built_lib_mechaml" "/mnt/Data/Prog/OCaml/mechaml/_build/src/mechaml.cmt"
"built_lib_mechaml" "/mnt/Data/Prog/OCaml/mechaml/_build/src/mechaml.cmi"
"built_lib_mechaml" "/mnt/Data/Prog/OCaml/mechaml/_build/src/mechaml.cma"
"built_lib_mechaml" "/mnt/Data/Prog/OCaml/mechaml/_build/src/mechaml.cmxa"
"built_lib_mechaml" "/mnt/Data/Prog/OCaml/mechaml/_build/src/mechaml.a"
"built_lib_mechaml" "/mnt/Data/Prog/OCaml/mechaml/_build/src/mechaml.cmt"
"built_lib_mechaml" "/mnt/Data/Prog/OCaml/mechaml/_build/src/mechaml.cmi"
"built_lib_mechaml" "/mnt/Data/Prog/OCaml/mechaml/_build/src/mechaml.cmxs"
"built_lib_mechaml" "/mnt/Data/Prog/OCaml/mechaml/_build/src/cookiejar.cmti"
"built_lib_mechaml" "/mnt/Data/Prog/OCaml/mechaml/_build/src/cookiejar.cmt"
"built_lib_mechaml" "/mnt/Data/Prog/OCaml/mechaml/_build/src/cookiejar.annot"
"built_lib_mechaml" "/mnt/Data/Prog/OCaml/mechaml/_build/src/page.cmti"
"built_lib_mechaml" "/mnt/Data/Prog/OCaml/mechaml/_build/src/page.cmt"
"built_lib_mechaml" "/mnt/Data/Prog/OCaml/mechaml/_build/src/page.annot"
"built_lib_mechaml" "/mnt/Data/Prog/OCaml/mechaml/_build/src/agent.cmti"
"built_lib_mechaml" "/mnt/Data/Prog/OCaml/mechaml/_build/src/agent.cmt"
"built_lib_mechaml" "/mnt/Data/Prog/OCaml/mechaml/_build/src/agent.annot"
"built_lib_mechaml" "/mnt/Data/Prog/OCaml/mechaml/_build/src/mechaml.cmx"
"is_built_exec_unit_tests" "true"
"built_exec_unit_tests" "/mnt/Data/Prog/OCaml/mechaml/_build/test/test.byte"
"is_built_lib_mechaml" "true"
"built_lib_mechaml" "/mnt/Data/Prog/OCaml/mechaml/_build/src/mechaml.cmt"
"built_lib_mechaml" "/mnt/Data/Prog/OCaml/mechaml/_build/src/mechaml.cmi"
"built_lib_mechaml" "/mnt/Data/Prog/OCaml/mechaml/_build/src/mechaml.cma"
"built_lib_mechaml" "/mnt/Data/Prog/OCaml/mechaml/_build/src/mechaml.cmxa"
"built_lib_mechaml" "/mnt/Data/Prog/OCaml/mechaml/_build/src/mechaml.a"
"built_lib_mechaml" "/mnt/Data/Prog/OCaml/mechaml/_build/src/mechaml.cmt"
"built_lib_mechaml" "/mnt/Data/Prog/OCaml/mechaml/_build/src/mechaml.cmi"
"built_lib_mechaml" "/mnt/Data/Prog/OCaml/mechaml/_build/src/mechaml.cmxs"
"built_lib_mechaml" "/mnt/Data/Prog/OCaml/mechaml/_build/src/cookiejar.cmti"
"built_lib_mechaml" "/mnt/Data/Prog/OCaml/mechaml/_build/src/cookiejar.cmt"
"built_lib_mechaml" "/mnt/Data/Prog/OCaml/mechaml/_build/src/cookiejar.annot"
"built_lib_mechaml" "/mnt/Data/Prog/OCaml/mechaml/_build/src/page.cmti"
"built_lib_mechaml" "/mnt/Data/Prog/OCaml/mechaml/_build/src/page.cmt"
"built_lib_mechaml" "/mnt/Data/Prog/OCaml/mechaml/_build/src/page.annot"
"built_lib_mechaml" "/mnt/Data/Prog/OCaml/mechaml/_build/src/agent.cmti"
"built_lib_mechaml" "/mnt/Data/Prog/OCaml/mechaml/_build/src/agent.cmt"
"built_lib_mechaml" "/mnt/Data/Prog/OCaml/mechaml/_build/src/agent.annot"
"built_lib_mechaml" "/mnt/Data/Prog/OCaml/mechaml/_build/src/mechaml.cmx"
"is_built_exec_unit_tests" "true"
"built_exec_unit_tests" "/mnt/Data/Prog/OCaml/mechaml/_build/test/test.byte"
"is_built_lib_mechaml" "true"
"built_lib_mechaml" "/mnt/Data/Prog/OCaml/mechaml/_build/src/mechaml.cmt"
"built_lib_mechaml" "/mnt/Data/Prog/OCaml/mechaml/_build/src/mechaml.cmi"
"built_lib_mechaml" "/mnt/Data/Prog/OCaml/mechaml/_build/src/mechaml.cma"
"built_lib_mechaml" "/mnt/Data/Prog/OCaml/mechaml/_build/src/mechaml.cmxa"
"built_lib_mechaml" "/mnt/Data/Prog/OCaml/mechaml/_build/src/mechaml.a"
"built_lib_mechaml" "/mnt/Data/Prog/OCaml/mechaml/_build/src/mechaml.cmt"
"built_lib_mechaml" "/mnt/Data/Prog/OCaml/mechaml/_build/src/mechaml.cmi"
"built_lib_mechaml" "/mnt/Data/Prog/OCaml/mechaml/_build/src/mechaml.cmxs"
"built_lib_mechaml" "/mnt/Data/Prog/OCaml/mechaml/_build/src/cookiejar.cmti"
"built_lib_mechaml" "/mnt/Data/Prog/OCaml/mechaml/_build/src/cookiejar.cmt"
"built_lib_mechaml" "/mnt/Data/Prog/OCaml/mechaml/_build/src/cookiejar.annot"
"built_lib_mechaml" "/mnt/Data/Prog/OCaml/mechaml/_build/src/page.cmti"
"built_lib_mechaml" "/mnt/Data/Prog/OCaml/mechaml/_build/src/page.cmt"
"built_lib_mechaml" "/mnt/Data/Prog/OCaml/mechaml/_build/src/page.annot"
"built_lib_mechaml" "/mnt/Data/Prog/OCaml/mechaml/_build/src/agent.cmti"
"built_lib_mechaml" "/mnt/Data/Prog/OCaml/mechaml/_build/src/agent.cmt"
"built_lib_mechaml" "/mnt/Data/Prog/OCaml/mechaml/_build/src/agent.annot"
"built_lib_mechaml" "/mnt/Data/Prog/OCaml/mechaml/_build/src/mechaml.cmx"
"is_built_exec_unit_tests" "true"
"built_exec_unit_tests" "/mnt/Data/Prog/OCaml/mechaml/_build/test/test.byte"
"is_built_lib_mechaml" "true"
"built_lib_mechaml" "/mnt/Data/Prog/OCaml/mechaml/_build/src/mechaml.cmt"
"built_lib_mechaml" "/mnt/Data/Prog/OCaml/mechaml/_build/src/mechaml.cmi"
"built_lib_mechaml" "/mnt/Data/Prog/OCaml/mechaml/_build/src/mechaml.cma"
"built_lib_mechaml" "/mnt/Data/Prog/OCaml/mechaml/_build/src/mechaml.cmxa"
"built_lib_mechaml" "/mnt/Data/Prog/OCaml/mechaml/_build/src/mechaml.a"
"built_lib_mechaml" "/mnt/Data/Prog/OCaml/mechaml/_build/src/mechaml.cmt"
"built_lib_mechaml" "/mnt/Data/Prog/OCaml/mechaml/_build/src/mechaml.cmi"
"built_lib_mechaml" "/mnt/Data/Prog/OCaml/mechaml/_build/src/mechaml.cmxs"
"built_lib_mechaml" "/mnt/Data/Prog/OCaml/mechaml/_build/src/cookiejar.cmti"
"built_lib_mechaml" "/mnt/Data/Prog/OCaml/mechaml/_build/src/cookiejar.cmt"
"built_lib_mechaml" "/mnt/Data/Prog/OCaml/mechaml/_build/src/cookiejar.annot"
"built_lib_mechaml" "/mnt/Data/Prog/OCaml/mechaml/_build/src/page.cmti"
"built_lib_mechaml" "/mnt/Data/Prog/OCaml/mechaml/_build/src/page.cmt"
"built_lib_mechaml" "/mnt/Data/Prog/OCaml/mechaml/_build/src/page.annot"
"built_lib_mechaml" "/mnt/Data/Prog/OCaml/mechaml/_build/src/agent.cmti"
"built_lib_mechaml" "/mnt/Data/Prog/OCaml/mechaml/_build/src/agent.cmt"
"built_lib_mechaml" "/mnt/Data/Prog/OCaml/mechaml/_build/src/agent.annot"
"built_lib_mechaml" "/mnt/Data/Prog/OCaml/mechaml/_build/src/mechaml.cmx"
"is_built_exec_unit_tests" "true"
"built_exec_unit_tests" "/mnt/Data/Prog/OCaml/mechaml/_build/test/test.byte"
"is_built_lib_mechaml" "true"
"built_lib_mechaml" "/mnt/Data/Prog/OCaml/mechaml/_build/src/mechaml.cmt"
"built_lib_mechaml" "/mnt/Data/Prog/OCaml/mechaml/_build/src/mechaml.cmi"
"built_lib_mechaml" "/mnt/Data/Prog/OCaml/mechaml/_build/src/mechaml.cma"
"built_lib_mechaml" "/mnt/Data/Prog/OCaml/mechaml/_build/src/mechaml.cmxa"
"built_lib_mechaml" "/mnt/Data/Prog/OCaml/mechaml/_build/src/mechaml.a"
"built_lib_mechaml" "/mnt/Data/Prog/OCaml/mechaml/_build/src/mechaml.cmt"
"built_lib_mechaml" "/mnt/Data/Prog/OCaml/mechaml/_build/src/mechaml.cmi"
"built_lib_mechaml" "/mnt/Data/Prog/OCaml/mechaml/_build/src/mechaml.cmxs"
"built_lib_mechaml" "/mnt/Data/Prog/OCaml/mechaml/_build/src/cookiejar.cmti"
"built_lib_mechaml" "/mnt/Data/Prog/OCaml/mechaml/_build/src/cookiejar.cmt"
"built_lib_mechaml" "/mnt/Data/Prog/OCaml/mechaml/_build/src/cookiejar.annot"
"built_lib_mechaml" "/mnt/Data/Prog/OCaml/mechaml/_build/src/page.cmti"
"built_lib_mechaml" "/mnt/Data/Prog/OCaml/mechaml/_build/src/page.cmt"
"built_lib_mechaml" "/mnt/Data/Prog/OCaml/mechaml/_build/src/page.annot"
"built_lib_mechaml" "/mnt/Data/Prog/OCaml/mechaml/_build/src/agent.cmti"
"built_lib_mechaml" "/mnt/Data/Prog/OCaml/mechaml/_build/src/agent.cmt"
"built_lib_mechaml" "/mnt/Data/Prog/OCaml/mechaml/_build/src/agent.annot"
"built_lib_mechaml" "/mnt/Data/Prog/OCaml/mechaml/_build/src/mechaml.cmx"
"is_built_exec_unit_tests" "true"
"built_exec_unit_tests" "/mnt/Data/Prog/OCaml/mechaml/_build/test/test.byte"
"is_built_lib_mechaml" "true"
"built_lib_mechaml" "/mnt/Data/Prog/OCaml/mechaml/_build/src/mechaml.cmt"
"built_lib_mechaml" "/mnt/Data/Prog/OCaml/mechaml/_build/src/mechaml.cmi"
"built_lib_mechaml" "/mnt/Data/Prog/OCaml/mechaml/_build/src/mechaml.cma"
"built_lib_mechaml" "/mnt/Data/Prog/OCaml/mechaml/_build/src/mechaml.cmxa"
"built_lib_mechaml" "/mnt/Data/Prog/OCaml/mechaml/_build/src/mechaml.a"
"built_lib_mechaml" "/mnt/Data/Prog/OCaml/mechaml/_build/src/mechaml.cmt"
"built_lib_mechaml" "/mnt/Data/Prog/OCaml/mechaml/_build/src/mechaml.cmi"
"built_lib_mechaml" "/mnt/Data/Prog/OCaml/mechaml/_build/src/mechaml.cmxs"
"built_lib_mechaml" "/mnt/Data/Prog/OCaml/mechaml/_build/src/cookiejar.cmti"
"built_lib_mechaml" "/mnt/Data/Prog/OCaml/mechaml/_build/src/cookiejar.cmt"
"built_lib_mechaml" "/mnt/Data/Prog/OCaml/mechaml/_build/src/cookiejar.annot"
"built_lib_mechaml" "/mnt/Data/Prog/OCaml/mechaml/_build/src/page.cmti"
"built_lib_mechaml" "/mnt/Data/Prog/OCaml/mechaml/_build/src/page.cmt"
"built_lib_mechaml" "/mnt/Data/Prog/OCaml/mechaml/_build/src/page.annot"
"built_lib_mechaml" "/mnt/Data/Prog/OCaml/mechaml/_build/src/agent.cmti"
"built_lib_mechaml" "/mnt/Data/Prog/OCaml/mechaml/_build/src/agent.cmt"
"built_lib_mechaml" "/mnt/Data/Prog/OCaml/mechaml/_build/src/agent.annot"
"built_lib_mechaml" "/mnt/Data/Prog/OCaml/mechaml/_build/src/mechaml.cmx"
"is_built_exec_unit_tests" "true"
"built_exec_unit_tests" "/mnt/Data/Prog/OCaml/mechaml/_build/test/test.byte"
"is_built_lib_mechaml" "true"
"built_lib_mechaml" "/mnt/Data/Prog/OCaml/mechaml/_build/src/mechaml.cmt"
"built_lib_mechaml" "/mnt/Data/Prog/OCaml/mechaml/_build/src/mechaml.cmi"
"built_lib_mechaml" "/mnt/Data/Prog/OCaml/mechaml/_build/src/mechaml.cma"
"built_lib_mechaml" "/mnt/Data/Prog/OCaml/mechaml/_build/src/mechaml.cmxa"
"built_lib_mechaml" "/mnt/Data/Prog/OCaml/mechaml/_build/src/mechaml.a"
"built_lib_mechaml" "/mnt/Data/Prog/OCaml/mechaml/_build/src/mechaml.cmt"
"built_lib_mechaml" "/mnt/Data/Prog/OCaml/mechaml/_build/src/mechaml.cmi"
"built_lib_mechaml" "/mnt/Data/Prog/OCaml/mechaml/_build/src/mechaml.cmxs"
"built_lib_mechaml" "/mnt/Data/Prog/OCaml/mechaml/_build/src/cookiejar.cmti"
"built_lib_mechaml" "/mnt/Data/Prog/OCaml/mechaml/_build/src/cookiejar.cmt"
"built_lib_mechaml" "/mnt/Data/Prog/OCaml/mechaml/_build/src/cookiejar.annot"
"built_lib_mechaml" "/mnt/Data/Prog/OCaml/mechaml/_build/src/page.cmti"
"built_lib_mechaml" "/mnt/Data/Prog/OCaml/mechaml/_build/src/page.cmt"
"built_lib_mechaml" "/mnt/Data/Prog/OCaml/mechaml/_build/src/page.annot"
"built_lib_mechaml" "/mnt/Data/Prog/OCaml/mechaml/_build/src/agent.cmti"
"built_lib_mechaml" "/mnt/Data/Prog/OCaml/mechaml/_build/src/agent.cmt"
"built_lib_mechaml" "/mnt/Data/Prog/OCaml/mechaml/_build/src/agent.annot"
"built_lib_mechaml" "/mnt/Data/Prog/OCaml/mechaml/_build/src/mechaml.cmx"
"is_built_exec_unit_tests" "true"
"built_exec_unit_tests" "/mnt/Data/Prog/OCaml/mechaml/_build/test/test.byte"
"is_built_lib_mechaml" "true"
"built_lib_mechaml" "/mnt/Data/Prog/OCaml/mechaml/_build/src/mechaml.cmt"
"built_lib_mechaml" "/mnt/Data/Prog/OCaml/mechaml/_build/src/mechaml.cmi"
"built_lib_mechaml" "/mnt/Data/Prog/OCaml/mechaml/_build/src/mechaml.cma"
"built_lib_mechaml" "/mnt/Data/Prog/OCaml/mechaml/_build/src/mechaml.cmxa"
"built_lib_mechaml" "/mnt/Data/Prog/OCaml/mechaml/_build/src/mechaml.a"
"built_lib_mechaml" "/mnt/Data/Prog/OCaml/mechaml/_build/src/mechaml.cmt"
"built_lib_mechaml" "/mnt/Data/Prog/OCaml/mechaml/_build/src/mechaml.cmi"
"built_lib_mechaml" "/mnt/Data/Prog/OCaml/mechaml/_build/src/mechaml.cmxs"
"built_lib_mechaml" "/mnt/Data/Prog/OCaml/mechaml/_build/src/cookiejar.cmti"
"built_lib_mechaml" "/mnt/Data/Prog/OCaml/mechaml/_build/src/cookiejar.cmt"
"built_lib_mechaml" "/mnt/Data/Prog/OCaml/mechaml/_build/src/cookiejar.annot"
"built_lib_mechaml" "/mnt/Data/Prog/OCaml/mechaml/_build/src/page.cmti"
"built_lib_mechaml" "/mnt/Data/Prog/OCaml/mechaml/_build/src/page.cmt"
"built_lib_mechaml" "/mnt/Data/Prog/OCaml/mechaml/_build/src/page.annot"
"built_lib_mechaml" "/mnt/Data/Prog/OCaml/mechaml/_build/src/agent.cmti"
"built_lib_mechaml" "/mnt/Data/Prog/OCaml/mechaml/_build/src/agent.cmt"
"built_lib_mechaml" "/mnt/Data/Prog/OCaml/mechaml/_build/src/agent.annot"
"built_lib_mechaml" "/mnt/Data/Prog/OCaml/mechaml/_build/src/mechaml.cmx"
"is_built_exec_unit_tests" "true"
"built_exec_unit_tests" "/mnt/Data/Prog/OCaml/mechaml/_build/test/test.byte"
"is_built_lib_mechaml" "true"
"built_lib_mechaml" "/mnt/Data/Prog/OCaml/mechaml/_build/src/mechaml.cmt"
"built_lib_mechaml" "/mnt/Data/Prog/OCaml/mechaml/_build/src/mechaml.cmi"
"built_lib_mechaml" "/mnt/Data/Prog/OCaml/mechaml/_build/src/mechaml.cma"
"built_lib_mechaml" "/mnt/Data/Prog/OCaml/mechaml/_build/src/mechaml.cmxa"
"built_lib_mechaml" "/mnt/Data/Prog/OCaml/mechaml/_build/src/mechaml.a"
"built_lib_mechaml" "/mnt/Data/Prog/OCaml/mechaml/_build/src/mechaml.cmt"
"built_lib_mechaml" "/mnt/Data/Prog/OCaml/mechaml/_build/src/mechaml.cmi"
"built_lib_mechaml" "/mnt/Data/Prog/OCaml/mechaml/_build/src/mechaml.cmxs"
"built_lib_mechaml" "/mnt/Data/Prog/OCaml/mechaml/_build/src/cookiejar.cmti"
"built_lib_mechaml" "/mnt/Data/Prog/OCaml/mechaml/_build/src/cookiejar.cmt"
"built_lib_mechaml" "/mnt/Data/Prog/OCaml/mechaml/_build/src/cookiejar.annot"
"built_lib_mechaml" "/mnt/Data/Prog/OCaml/mechaml/_build/src/page.cmti"
"built_lib_mechaml" "/mnt/Data/Prog/OCaml/mechaml/_build/src/page.cmt"
"built_lib_mechaml" "/mnt/Data/Prog/OCaml/mechaml/_build/src/page.annot"
"built_lib_mechaml" "/mnt/Data/Prog/OCaml/mechaml/_build/src/agent.cmti"
"built_lib_mechaml" "/mnt/Data/Prog/OCaml/mechaml/_build/src/agent.cmt"
"built_lib_mechaml" "/mnt/Data/Prog/OCaml/mechaml/_build/src/agent.annot"
"built_lib_mechaml" "/mnt/Data/Prog/OCaml/mechaml/_build/src/mechaml.cmx"
"is_built_exec_unit_tests" "true"
"built_exec_unit_tests" "/mnt/Data/Prog/OCaml/mechaml/_build/test/test.byte"
"is_built_lib_mechaml" "true"
"built_lib_mechaml" "/mnt/Data/Prog/OCaml/mechaml/_build/src/mechaml.cmt"
"built_lib_mechaml" "/mnt/Data/Prog/OCaml/mechaml/_build/src/mechaml.cmi"
"built_lib_mechaml" "/mnt/Data/Prog/OCaml/mechaml/_build/src/mechaml.cma"
"built_lib_mechaml" "/mnt/Data/Prog/OCaml/mechaml/_build/src/mechaml.cmxa"
"built_lib_mechaml" "/mnt/Data/Prog/OCaml/mechaml/_build/src/mechaml.a"
"built_lib_mechaml" "/mnt/Data/Prog/OCaml/mechaml/_build/src/mechaml.cmt"
"built_lib_mechaml" "/mnt/Data/Prog/OCaml/mechaml/_build/src/mechaml.cmi"
"built_lib_mechaml" "/mnt/Data/Prog/OCaml/mechaml/_build/src/mechaml.cmxs"
"built_lib_mechaml" "/mnt/Data/Prog/OCaml/mechaml/_build/src/cookiejar.cmti"
"built_lib_mechaml" "/mnt/Data/Prog/OCaml/mechaml/_build/src/cookiejar.cmt"
"built_lib_mechaml" "/mnt/Data/Prog/OCaml/mechaml/_build/src/cookiejar.annot"
"built_lib_mechaml" "/mnt/Data/Prog/OCaml/mechaml/_build/src/page.cmti"
"built_lib_mechaml" "/mnt/Data/Prog/OCaml/mechaml/_build/src/page.cmt"
"built_lib_mechaml" "/mnt/Data/Prog/OCaml/mechaml/_build/src/page.annot"
"built_lib_mechaml" "/mnt/Data/Prog/OCaml/mechaml/_build/src/agent.cmti"
"built_lib_mechaml" "/mnt/Data/Prog/OCaml/mechaml/_build/src/agent.cmt"
"built_lib_mechaml" "/mnt/Data/Prog/OCaml/mechaml/_build/src/agent.annot"
"built_lib_mechaml" "/mnt/Data/Prog/OCaml/mechaml/_build/src/mechaml.cmx"
"is_built_exec_unit_tests" "true"
"built_exec_unit_tests" "/mnt/Data/Prog/OCaml/mechaml/_build/test/test.byte"
"is_built_lib_mechaml" "true"
"built_lib_mechaml" "/mnt/Data/Prog/OCaml/mechaml/_build/src/mechaml.cmt"
"built_lib_mechaml" "/mnt/Data/Prog/OCaml/mechaml/_build/src/mechaml.cmi"
"built_lib_mechaml" "/mnt/Data/Prog/OCaml/mechaml/_build/src/mechaml.cma"
"built_lib_mechaml" "/mnt/Data/Prog/OCaml/mechaml/_build/src/mechaml.cmxa"
"built_lib_mechaml" "/mnt/Data/Prog/OCaml/mechaml/_build/src/mechaml.a"
"built_lib_mechaml" "/mnt/Data/Prog/OCaml/mechaml/_build/src/mechaml.cmt"
"built_lib_mechaml" "/mnt/Data/Prog/OCaml/mechaml/_build/src/mechaml.cmi"
"built_lib_mechaml" "/mnt/Data/Prog/OCaml/mechaml/_build/src/mechaml.cmxs"
"built_lib_mechaml" "/mnt/Data/Prog/OCaml/mechaml/_build/src/cookiejar.cmti"
"built_lib_mechaml" "/mnt/Data/Prog/OCaml/mechaml/_build/src/cookiejar.cmt"
"built_lib_mechaml" "/mnt/Data/Prog/OCaml/mechaml/_build/src/cookiejar.annot"
"built_lib_mechaml" "/mnt/Data/Prog/OCaml/mechaml/_build/src/page.cmti"
"built_lib_mechaml" "/mnt/Data/Prog/OCaml/mechaml/_build/src/page.cmt"
"built_lib_mechaml" "/mnt/Data/Prog/OCaml/mechaml/_build/src/page.annot"
"built_lib_mechaml" "/mnt/Data/Prog/OCaml/mechaml/_build/src/agent.cmti"
"built_lib_mechaml" "/mnt/Data/Prog/OCaml/mechaml/_build/src/agent.cmt"
"built_lib_mechaml" "/mnt/Data/Prog/OCaml/mechaml/_build/src/agent.annot"
"built_lib_mechaml" "/mnt/Data/Prog/OCaml/mechaml/_build/src/mechaml.cmx"
"is_built_exec_unit_tests" "true"
"built_exec_unit_tests" "/mnt/Data/Prog/OCaml/mechaml/_build/test/test.byte"
"is_built_lib_mechaml" "true"
"built_lib_mechaml" "/mnt/Data/Prog/OCaml/mechaml/_build/src/mechaml.cmt"
"built_lib_mechaml" "/mnt/Data/Prog/OCaml/mechaml/_build/src/mechaml.cmi"
"built_lib_mechaml" "/mnt/Data/Prog/OCaml/mechaml/_build/src/mechaml.cma"
"built_lib_mechaml" "/mnt/Data/Prog/OCaml/mechaml/_build/src/mechaml.cmxa"
"built_lib_mechaml" "/mnt/Data/Prog/OCaml/mechaml/_build/src/mechaml.a"
"built_lib_mechaml" "/mnt/Data/Prog/OCaml/mechaml/_build/src/mechaml.cmt"
"built_lib_mechaml" "/mnt/Data/Prog/OCaml/mechaml/_build/src/mechaml.cmi"
"built_lib_mechaml" "/mnt/Data/Prog/OCaml/mechaml/_build/src/mechaml.cmxs"
"built_lib_mechaml" "/mnt/Data/Prog/OCaml/mechaml/_build/src/cookiejar.cmti"
"built_lib_mechaml" "/mnt/Data/Prog/OCaml/mechaml/_build/src/cookiejar.cmt"
"built_lib_mechaml" "/mnt/Data/Prog/OCaml/mechaml/_build/src/cookiejar.annot"
"built_lib_mechaml" "/mnt/Data/Prog/OCaml/mechaml/_build/src/page.cmti"
"built_lib_mechaml" "/mnt/Data/Prog/OCaml/mechaml/_build/src/page.cmt"
"built_lib_mechaml" "/mnt/Data/Prog/OCaml/mechaml/_build/src/page.annot"
"built_lib_mechaml" "/mnt/Data/Prog/OCaml/mechaml/_build/src/agent.cmti"
"built_lib_mechaml" "/mnt/Data/Prog/OCaml/mechaml/_build/src/agent.cmt"
"built_lib_mechaml" "/mnt/Data/Prog/OCaml/mechaml/_build/src/agent.annot"
"built_lib_mechaml" "/mnt/Data/Prog/OCaml/mechaml/_build/src/mechaml.cmx"
"is_built_exec_unit_tests" "true"
"built_exec_unit_tests" "/mnt/Data/Prog/OCaml/mechaml/_build/test/test.byte"
"is_built_lib_mechaml" "true"
"built_lib_mechaml" "/mnt/Data/Prog/OCaml/mechaml/_build/src/mechaml.cmt"
"built_lib_mechaml" "/mnt/Data/Prog/OCaml/mechaml/_build/src/mechaml.cmi"
"built_lib_mechaml" "/mnt/Data/Prog/OCaml/mechaml/_build/src/mechaml.cma"
"built_lib_mechaml" "/mnt/Data/Prog/OCaml/mechaml/_build/src/mechaml.cmxa"
"built_lib_mechaml" "/mnt/Data/Prog/OCaml/mechaml/_build/src/mechaml.a"
"built_lib_mechaml" "/mnt/Data/Prog/OCaml/mechaml/_build/src/mechaml.cmt"
"built_lib_mechaml" "/mnt/Data/Prog/OCaml/mechaml/_build/src/mechaml.cmi"
"built_lib_mechaml" "/mnt/Data/Prog/OCaml/mechaml/_build/src/mechaml.cmxs"
"built_lib_mechaml" "/mnt/Data/Prog/OCaml/mechaml/_build/src/cookiejar.cmti"
"built_lib_mechaml" "/mnt/Data/Prog/OCaml/mechaml/_build/src/cookiejar.cmt"
"built_lib_mechaml" "/mnt/Data/Prog/OCaml/mechaml/_build/src/cookiejar.annot"
"built_lib_mechaml" "/mnt/Data/Prog/OCaml/mechaml/_build/src/page.cmti"
"built_lib_mechaml" "/mnt/Data/Prog/OCaml/mechaml/_build/src/page.cmt"
"built_lib_mechaml" "/mnt/Data/Prog/OCaml/mechaml/_build/src/page.annot"
"built_lib_mechaml" "/mnt/Data/Prog/OCaml/mechaml/_build/src/agent.cmti"
"built_lib_mechaml" "/mnt/Data/Prog/OCaml/mechaml/_build/src/agent.cmt"
"built_lib_mechaml" "/mnt/Data/Prog/OCaml/mechaml/_build/src/agent.annot"
"built_lib_mechaml" "/mnt/Data/Prog/OCaml/mechaml/_build/src/mechaml.cmx"
"is_built_exec_unit_tests" "true"
"built_exec_unit_tests" "/mnt/Data/Prog/OCaml/mechaml/_build/test/test.byte"
"is_built_lib_mechaml" "true"
"built_lib_mechaml" "/mnt/Data/Prog/OCaml/mechaml/_build/src/mechaml.cmt"
"built_lib_mechaml" "/mnt/Data/Prog/OCaml/mechaml/_build/src/mechaml.cmi"
"built_lib_mechaml" "/mnt/Data/Prog/OCaml/mechaml/_build/src/mechaml.cma"
"built_lib_mechaml" "/mnt/Data/Prog/OCaml/mechaml/_build/src/mechaml.cmxa"
"built_lib_mechaml" "/mnt/Data/Prog/OCaml/mechaml/_build/src/mechaml.a"
"built_lib_mechaml" "/mnt/Data/Prog/OCaml/mechaml/_build/src/mechaml.cmt"
"built_lib_mechaml" "/mnt/Data/Prog/OCaml/mechaml/_build/src/mechaml.cmi"
"built_lib_mechaml" "/mnt/Data/Prog/OCaml/mechaml/_build/src/mechaml.cmxs"
"built_lib_mechaml" "/mnt/Data/Prog/OCaml/mechaml/_build/src/cookiejar.cmti"
"built_lib_mechaml" "/mnt/Data/Prog/OCaml/mechaml/_build/src/cookiejar.cmt"
"built_lib_mechaml" "/mnt/Data/Prog/OCaml/mechaml/_build/src/cookiejar.annot"
"built_lib_mechaml" "/mnt/Data/Prog/OCaml/mechaml/_build/src/page.cmti"
"built_lib_mechaml" "/mnt/Data/Prog/OCaml/mechaml/_build/src/page.cmt"
"built_lib_mechaml" "/mnt/Data/Prog/OCaml/mechaml/_build/src/page.annot"
"built_lib_mechaml" "/mnt/Data/Prog/OCaml/mechaml/_build/src/agent.cmti"
"built_lib_mechaml" "/mnt/Data/Prog/OCaml/mechaml/_build/src/agent.cmt"
"built_lib_mechaml" "/mnt/Data/Prog/OCaml/mechaml/_build/src/agent.annot"
"built_lib_mechaml" "/mnt/Data/Prog/OCaml/mechaml/_build/src/mechaml.cmx"
"is_built_exec_unit_tests" "true"
"built_exec_unit_tests" "/mnt/Data/Prog/OCaml/mechaml/_build/test/test.byte"
"is_built_lib_mechaml" "true"
"built_lib_mechaml" "/mnt/Data/Prog/OCaml/mechaml/_build/src/mechaml.cmt"
"built_lib_mechaml" "/mnt/Data/Prog/OCaml/mechaml/_build/src/mechaml.cmi"
"built_lib_mechaml" "/mnt/Data/Prog/OCaml/mechaml/_build/src/mechaml.cma"
"built_lib_mechaml" "/mnt/Data/Prog/OCaml/mechaml/_build/src/mechaml.cmxa"
"built_lib_mechaml" "/mnt/Data/Prog/OCaml/mechaml/_build/src/mechaml.a"
"built_lib_mechaml" "/mnt/Data/Prog/OCaml/mechaml/_build/src/mechaml.cmt"
"built_lib_mechaml" "/mnt/Data/Prog/OCaml/mechaml/_build/src/mechaml.cmi"
"built_lib_mechaml" "/mnt/Data/Prog/OCaml/mechaml/_build/src/mechaml.cmxs"
"built_lib_mechaml" "/mnt/Data/Prog/OCaml/mechaml/_build/src/cookiejar.cmti"
"built_lib_mechaml" "/mnt/Data/Prog/OCaml/mechaml/_build/src/cookiejar.cmt"
"built_lib_mechaml" "/mnt/Data/Prog/OCaml/mechaml/_build/src/cookiejar.annot"
"built_lib_mechaml" "/mnt/Data/Prog/OCaml/mechaml/_build/src/page.cmti"
"built_lib_mechaml" "/mnt/Data/Prog/OCaml/mechaml/_build/src/page.cmt"
"built_lib_mechaml" "/mnt/Data/Prog/OCaml/mechaml/_build/src/page.annot"
"built_lib_mechaml" "/mnt/Data/Prog/OCaml/mechaml/_build/src/agent.cmti"
"built_lib_mechaml" "/mnt/Data/Prog/OCaml/mechaml/_build/src/agent.cmt"
"built_lib_mechaml" "/mnt/Data/Prog/OCaml/mechaml/_build/src/agent.annot"
"built_lib_mechaml" "/mnt/Data/Prog/OCaml/mechaml/_build/src/mechaml.cmx"
"is_built_exec_unit_tests" "true"
"built_exec_unit_tests" "/mnt/Data/Prog/OCaml/mechaml/_build/test/test.byte"
"is_built_lib_mechaml" "true"
"built_lib_mechaml" "/mnt/Data/Prog/OCaml/mechaml/_build/src/mechaml.cmt"
"built_lib_mechaml" "/mnt/Data/Prog/OCaml/mechaml/_build/src/mechaml.cmi"
"built_lib_mechaml" "/mnt/Data/Prog/OCaml/mechaml/_build/src/mechaml.cma"
"built_lib_mechaml" "/mnt/Data/Prog/OCaml/mechaml/_build/src/mechaml.cmxa"
"built_lib_mechaml" "/mnt/Data/Prog/OCaml/mechaml/_build/src/mechaml.a"
"built_lib_mechaml" "/mnt/Data/Prog/OCaml/mechaml/_build/src/mechaml.cmt"
"built_lib_mechaml" "/mnt/Data/Prog/OCaml/mechaml/_build/src/mechaml.cmi"
"built_lib_mechaml" "/mnt/Data/Prog/OCaml/mechaml/_build/src/mechaml.cmxs"
"built_lib_mechaml" "/mnt/Data/Prog/OCaml/mechaml/_build/src/cookiejar.cmti"
"built_lib_mechaml" "/mnt/Data/Prog/OCaml/mechaml/_build/src/cookiejar.cmt"
"built_lib_mechaml" "/mnt/Data/Prog/OCaml/mechaml/_build/src/cookiejar.annot"
"built_lib_mechaml" "/mnt/Data/Prog/OCaml/mechaml/_build/src/page.cmti"
"built_lib_mechaml" "/mnt/Data/Prog/OCaml/mechaml/_build/src/page.cmt"
"built_lib_mechaml" "/mnt/Data/Prog/OCaml/mechaml/_build/src/page.annot"
"built_lib_mechaml" "/mnt/Data/Prog/OCaml/mechaml/_build/src/agent.cmti"
"built_lib_mechaml" "/mnt/Data/Prog/OCaml/mechaml/_build/src/agent.cmt"
"built_lib_mechaml" "/mnt/Data/Prog/OCaml/mechaml/_build/src/agent.annot"
"built_lib_mechaml" "/mnt/Data/Prog/OCaml/mechaml/_build/src/mechaml.cmx"
"is_built_exec_unit_tests" "true"
"built_exec_unit_tests" "/mnt/Data/Prog/OCaml/mechaml/_build/test/test.byte"
